12:28:11.231 [main] DEBUG org.apache.poi.openxml4j.opc.PackageRelationshipCollection - Parsing relationship: /xl/_rels/workbook.xml.rels
12:28:11.238 [main] DEBUG org.apache.poi.openxml4j.opc.PackageRelationshipCollection - Parsing relationship: /xl/worksheets/_rels/sheet1.xml.rels
12:28:11.238 [main] DEBUG org.apache.poi.openxml4j.opc.PackageRelationshipCollection - Parsing relationship: /_rels/.rels
12:28:11.251 [main] DEBUG org.apache.poi.openxml4j.opc.PackageRelationshipCollection - Parsing relationship: /xl/_rels/workbook.xml.rels
12:28:11.252 [main] DEBUG org.apache.poi.openxml4j.opc.PackageRelationshipCollection - Parsing relationship: /xl/worksheets/_rels/sheet1.xml.rels
12:28:11.255 [main] DEBUG org.apache.poi.openxml4j.opc.PackageRelationshipCollection - Parsing relationship: /_rels/.rels
12:28:11.267 [main] DEBUG org.apache.poi.openxml4j.opc.PackageRelationshipCollection - Parsing relationship: /xl/_rels/workbook.xml.rels
12:28:11.268 [main] DEBUG org.apache.poi.openxml4j.opc.PackageRelationshipCollection - Parsing relationship: /xl/worksheets/_rels/sheet1.xml.rels
12:28:11.268 [main] DEBUG org.apache.poi.openxml4j.opc.PackageRelationshipCollection - Parsing relationship: /_rels/.rels
12:28:11.279 [main] DEBUG org.apache.poi.openxml4j.opc.PackageRelationshipCollection - Parsing relationship: /xl/_rels/workbook.xml.rels
12:28:11.280 [main] DEBUG org.apache.poi.openxml4j.opc.PackageRelationshipCollection - Parsing relationship: /xl/worksheets/_rels/sheet1.xml.rels
12:28:11.280 [main] DEBUG org.apache.poi.openxml4j.opc.PackageRelationshipCollection - Parsing relationship: /_rels/.rels
12:28:11.292 [main] DEBUG org.apache.poi.openxml4j.opc.PackageRelationshipCollection - Parsing relationship: /xl/_rels/workbook.xml.rels
12:28:11.292 [main] DEBUG org.apache.poi.openxml4j.opc.PackageRelationshipCollection - Parsing relationship: /xl/worksheets/_rels/sheet1.xml.rels
12:28:11.293 [main] DEBUG org.apache.poi.openxml4j.opc.PackageRelationshipCollection - Parsing relationship: /_rels/.rels
12:28:11.305 [main] DEBUG org.apache.poi.openxml4j.opc.PackageRelationshipCollection - Parsing relationship: /xl/_rels/workbook.xml.rels
12:28:11.305 [main] DEBUG org.apache.poi.openxml4j.opc.PackageRelationshipCollection - Parsing relationship: /xl/worksheets/_rels/sheet1.xml.rels
12:28:11.306 [main] DEBUG org.apache.poi.openxml4j.opc.PackageRelationshipCollection - Parsing relationship: /_rels/.rels
12:28:11.317 [main] DEBUG org.apache.poi.openxml4j.opc.PackageRelationshipCollection - Parsing relationship: /xl/_rels/workbook.xml.rels
12:28:11.317 [main] DEBUG org.apache.poi.openxml4j.opc.PackageRelationshipCollection - Parsing relationship: /xl/worksheets/_rels/sheet1.xml.rels
12:28:11.318 [main] DEBUG org.apache.poi.openxml4j.opc.PackageRelationshipCollection - Parsing relationship: /_rels/.rels
12:28:11.327 [main] DEBUG org.apache.poi.openxml4j.opc.PackageRelationshipCollection - Parsing relationship: /xl/_rels/workbook.xml.rels
12:28:11.328 [main] DEBUG org.apache.poi.openxml4j.opc.PackageRelationshipCollection - Parsing relationship: /xl/worksheets/_rels/sheet1.xml.rels
12:28:11.328 [main] DEBUG org.apache.poi.openxml4j.opc.PackageRelationshipCollection - Parsing relationship: /_rels/.rels
12:28:11.339 [main] DEBUG org.apache.poi.openxml4j.opc.PackageRelationshipCollection - Parsing relationship: /xl/_rels/workbook.xml.rels
12:28:11.339 [main] DEBUG org.apache.poi.openxml4j.opc.PackageRelationshipCollection - Parsing relationship: /xl/worksheets/_rels/sheet1.xml.rels
12:28:11.340 [main] DEBUG org.apache.poi.openxml4j.opc.PackageRelationshipCollection - Parsing relationship: /_rels/.rels
12:28:11.357 [main] DEBUG org.apache.poi.openxml4j.opc.PackageRelationshipCollection - Parsing relationship: /xl/_rels/workbook.xml.rels
12:28:11.357 [main] DEBUG org.apache.poi.openxml4j.opc.PackageRelationshipCollection - Parsing relationship: /xl/worksheets/_rels/sheet1.xml.rels
12:28:11.357 [main] DEBUG org.apache.poi.openxml4j.opc.PackageRelationshipCollection - Parsing relationship: /_rels/.rels
12:28:11.380 [main] DEBUG org.apache.poi.openxml4j.opc.PackageRelationshipCollection - Parsing relationship: /xl/_rels/workbook.xml.rels
12:28:11.380 [main] DEBUG org.apache.poi.openxml4j.opc.PackageRelationshipCollection - Parsing relationship: /xl/worksheets/_rels/sheet1.xml.rels
12:28:11.381 [main] DEBUG org.apache.poi.openxml4j.opc.PackageRelationshipCollection - Parsing relationship: /_rels/.rels
12:28:11.390 [main] DEBUG org.apache.poi.openxml4j.opc.PackageRelationshipCollection - Parsing relationship: /xl/_rels/workbook.xml.rels
12:28:11.390 [main] DEBUG org.apache.poi.openxml4j.opc.PackageRelationshipCollection - Parsing relationship: /xl/worksheets/_rels/sheet1.xml.rels
12:28:11.391 [main] DEBUG org.apache.poi.openxml4j.opc.PackageRelationshipCollection - Parsing relationship: /_rels/.rels
12:28:11.400 [main] DEBUG org.apache.poi.openxml4j.opc.PackageRelationshipCollection - Parsing relationship: /xl/_rels/workbook.xml.rels
12:28:11.400 [main] DEBUG org.apache.poi.openxml4j.opc.PackageRelationshipCollection - Parsing relationship: /xl/worksheets/_rels/sheet1.xml.rels
12:28:11.401 [main] DEBUG org.apache.poi.openxml4j.opc.PackageRelationshipCollection - Parsing relationship: /_rels/.rels
12:28:11.409 [main] DEBUG org.apache.poi.openxml4j.opc.PackageRelationshipCollection - Parsing relationship: /xl/_rels/workbook.xml.rels
12:28:11.411 [main] DEBUG org.apache.poi.openxml4j.opc.PackageRelationshipCollection - Parsing relationship: /xl/worksheets/_rels/sheet1.xml.rels
12:28:11.411 [main] DEBUG org.apache.poi.openxml4j.opc.PackageRelationshipCollection - Parsing relationship: /_rels/.rels
12:28:11.437 [main] INFO  testCases.TC003_LoginDDT - ***** Starting TC003_LoginDDT *****
12:28:11.437 [main] INFO  testCases.TC003_LoginDDT - Navigate to Login page from Homepage
12:28:11.745 [main] INFO  testCases.TC003_LoginDDT - Log into the application
12:28:12.519 [main] INFO  testCases.TC003_LoginDDT - Verify MyAccount page after Login
12:28:12.574 [main] INFO  testCases.TC003_LoginDDT - Validations
12:28:13.107 [main] INFO  testCases.TC003_LoginDDT - ***** Finished TC003_LoginDDT *****
12:28:13.114 [main] INFO  testCases.TC003_LoginDDT - ***** Starting TC003_LoginDDT *****
12:28:13.114 [main] INFO  testCases.TC003_LoginDDT - Navigate to Login page from Homepage
12:28:13.384 [main] INFO  testCases.TC003_LoginDDT - Log into the application
12:28:14.216 [main] INFO  testCases.TC003_LoginDDT - Verify MyAccount page after Login
12:28:14.271 [main] INFO  testCases.TC003_LoginDDT - Validations
12:28:14.574 [main] INFO  testCases.TC003_LoginDDT - ***** Finished TC003_LoginDDT *****
12:28:14.580 [main] INFO  testCases.TC003_LoginDDT - ***** Starting TC003_LoginDDT *****
12:28:14.580 [main] INFO  testCases.TC003_LoginDDT - Navigate to Login page from Homepage
12:28:14.815 [main] INFO  testCases.TC003_LoginDDT - Log into the application
12:28:15.440 [main] INFO  testCases.TC003_LoginDDT - Verify MyAccount page after Login
12:28:15.464 [main] INFO  testCases.TC003_LoginDDT - Validations
12:28:15.743 [main] INFO  testCases.TC003_LoginDDT - ***** Starting TC003_LoginDDT *****
12:28:15.743 [main] INFO  testCases.TC003_LoginDDT - Navigate to Login page from Homepage
12:28:16.069 [main] INFO  testCases.TC003_LoginDDT - Log into the application
12:28:16.578 [main] INFO  testCases.TC003_LoginDDT - Verify MyAccount page after Login
12:28:26.637 [main] INFO  testCases.TC003_LoginDDT - Validations
12:28:26.637 [main] INFO  testCases.TC003_LoginDDT - ***** Finished TC003_LoginDDT *****
12:28:26.637 [main] INFO  testCases.TC003_LoginDDT - ***** Starting TC003_LoginDDT *****
12:28:26.637 [main] INFO  testCases.TC003_LoginDDT - Navigate to Login page from Homepage
12:28:27.029 [main] INFO  testCases.TC003_LoginDDT - Log into the application
12:28:27.841 [main] INFO  testCases.TC003_LoginDDT - Verify MyAccount page after Login
12:28:37.887 [main] INFO  testCases.TC003_LoginDDT - Validations
12:28:37.887 [main] INFO  testCases.TC003_LoginDDT - ***** Starting TC003_LoginDDT *****
12:28:37.887 [main] INFO  testCases.TC003_LoginDDT - Navigate to Login page from Homepage
12:28:38.194 [main] INFO  testCases.TC003_LoginDDT - Log into the application
12:28:39.013 [main] INFO  testCases.TC003_LoginDDT - Verify MyAccount page after Login
12:28:39.040 [main] INFO  testCases.TC003_LoginDDT - Validations
12:28:39.373 [main] INFO  testCases.TC003_LoginDDT - ***** Finished TC003_LoginDDT *****
12:34:00.163 [main] DEBUG org.testng.TestNG - suiteXmlPath: "C:\Users\chait\Documents\Java_WS\OpencartV121\master.xml"
12:34:00.445 [main] INFO  org.testng.internal.Utils - [TestNG] Running:
  C:\Users\chait\Documents\Java_WS\OpencartV121\master.xml

12:34:03.102 [main] DEBUG org.apache.poi.openxml4j.opc.PackageRelationshipCollection - Parsing relationship: /xl/_rels/workbook.xml.rels
12:34:03.105 [main] DEBUG org.apache.poi.openxml4j.opc.PackageRelationshipCollection - Parsing relationship: /xl/worksheets/_rels/sheet1.xml.rels
12:34:03.106 [main] DEBUG org.apache.poi.openxml4j.opc.PackageRelationshipCollection - Parsing relationship: /_rels/.rels
12:34:03.556 [main] DEBUG org.apache.poi.openxml4j.opc.PackageRelationshipCollection - Parsing relationship: /xl/_rels/workbook.xml.rels
12:34:03.557 [main] DEBUG org.apache.poi.openxml4j.opc.PackageRelationshipCollection - Parsing relationship: /xl/worksheets/_rels/sheet1.xml.rels
12:34:03.558 [main] DEBUG org.apache.poi.openxml4j.opc.PackageRelationshipCollection - Parsing relationship: /_rels/.rels
12:34:03.579 [main] DEBUG org.apache.poi.openxml4j.opc.PackageRelationshipCollection - Parsing relationship: /xl/_rels/workbook.xml.rels
12:34:03.579 [main] DEBUG org.apache.poi.openxml4j.opc.PackageRelationshipCollection - Parsing relationship: /xl/worksheets/_rels/sheet1.xml.rels
12:34:03.580 [main] DEBUG org.apache.poi.openxml4j.opc.PackageRelationshipCollection - Parsing relationship: /_rels/.rels
12:34:03.614 [main] DEBUG org.apache.poi.openxml4j.opc.PackageRelationshipCollection - Parsing relationship: /xl/_rels/workbook.xml.rels
12:34:03.615 [main] DEBUG org.apache.poi.openxml4j.opc.PackageRelationshipCollection - Parsing relationship: /xl/worksheets/_rels/sheet1.xml.rels
12:34:03.616 [main] DEBUG org.apache.poi.openxml4j.opc.PackageRelationshipCollection - Parsing relationship: /_rels/.rels
12:34:03.632 [main] DEBUG org.apache.poi.openxml4j.opc.PackageRelationshipCollection - Parsing relationship: /xl/_rels/workbook.xml.rels
12:34:03.633 [main] DEBUG org.apache.poi.openxml4j.opc.PackageRelationshipCollection - Parsing relationship: /xl/worksheets/_rels/sheet1.xml.rels
12:34:03.634 [main] DEBUG org.apache.poi.openxml4j.opc.PackageRelationshipCollection - Parsing relationship: /_rels/.rels
12:34:03.647 [main] DEBUG org.apache.poi.openxml4j.opc.PackageRelationshipCollection - Parsing relationship: /xl/_rels/workbook.xml.rels
12:34:03.648 [main] DEBUG org.apache.poi.openxml4j.opc.PackageRelationshipCollection - Parsing relationship: /xl/worksheets/_rels/sheet1.xml.rels
12:34:03.648 [main] DEBUG org.apache.poi.openxml4j.opc.PackageRelationshipCollection - Parsing relationship: /_rels/.rels
12:34:03.664 [main] DEBUG org.apache.poi.openxml4j.opc.PackageRelationshipCollection - Parsing relationship: /xl/_rels/workbook.xml.rels
12:34:03.665 [main] DEBUG org.apache.poi.openxml4j.opc.PackageRelationshipCollection - Parsing relationship: /xl/worksheets/_rels/sheet1.xml.rels
12:34:03.665 [main] DEBUG org.apache.poi.openxml4j.opc.PackageRelationshipCollection - Parsing relationship: /_rels/.rels
12:34:03.680 [main] DEBUG org.apache.poi.openxml4j.opc.PackageRelationshipCollection - Parsing relationship: /xl/_rels/workbook.xml.rels
12:34:03.681 [main] DEBUG org.apache.poi.openxml4j.opc.PackageRelationshipCollection - Parsing relationship: /xl/worksheets/_rels/sheet1.xml.rels
12:34:03.681 [main] DEBUG org.apache.poi.openxml4j.opc.PackageRelationshipCollection - Parsing relationship: /_rels/.rels
12:34:03.699 [main] DEBUG org.apache.poi.openxml4j.opc.PackageRelationshipCollection - Parsing relationship: /xl/_rels/workbook.xml.rels
12:34:03.700 [main] DEBUG org.apache.poi.openxml4j.opc.PackageRelationshipCollection - Parsing relationship: /xl/worksheets/_rels/sheet1.xml.rels
12:34:03.700 [main] DEBUG org.apache.poi.openxml4j.opc.PackageRelationshipCollection - Parsing relationship: /_rels/.rels
12:34:03.713 [main] DEBUG org.apache.poi.openxml4j.opc.PackageRelationshipCollection - Parsing relationship: /xl/_rels/workbook.xml.rels
12:34:03.714 [main] DEBUG org.apache.poi.openxml4j.opc.PackageRelationshipCollection - Parsing relationship: /xl/worksheets/_rels/sheet1.xml.rels
12:34:03.714 [main] DEBUG org.apache.poi.openxml4j.opc.PackageRelationshipCollection - Parsing relationship: /_rels/.rels
12:34:03.726 [main] DEBUG org.apache.poi.openxml4j.opc.PackageRelationshipCollection - Parsing relationship: /xl/_rels/workbook.xml.rels
12:34:03.726 [main] DEBUG org.apache.poi.openxml4j.opc.PackageRelationshipCollection - Parsing relationship: /xl/worksheets/_rels/sheet1.xml.rels
12:34:03.727 [main] DEBUG org.apache.poi.openxml4j.opc.PackageRelationshipCollection - Parsing relationship: /_rels/.rels
12:34:03.740 [main] DEBUG org.apache.poi.openxml4j.opc.PackageRelationshipCollection - Parsing relationship: /xl/_rels/workbook.xml.rels
12:34:03.741 [main] DEBUG org.apache.poi.openxml4j.opc.PackageRelationshipCollection - Parsing relationship: /xl/worksheets/_rels/sheet1.xml.rels
12:34:03.741 [main] DEBUG org.apache.poi.openxml4j.opc.PackageRelationshipCollection - Parsing relationship: /_rels/.rels
12:34:03.751 [main] DEBUG org.apache.poi.openxml4j.opc.PackageRelationshipCollection - Parsing relationship: /xl/_rels/workbook.xml.rels
12:34:03.752 [main] DEBUG org.apache.poi.openxml4j.opc.PackageRelationshipCollection - Parsing relationship: /xl/worksheets/_rels/sheet1.xml.rels
12:34:03.753 [main] DEBUG org.apache.poi.openxml4j.opc.PackageRelationshipCollection - Parsing relationship: /_rels/.rels
12:34:03.766 [main] DEBUG org.apache.poi.openxml4j.opc.PackageRelationshipCollection - Parsing relationship: /xl/_rels/workbook.xml.rels
12:34:03.766 [main] DEBUG org.apache.poi.openxml4j.opc.PackageRelationshipCollection - Parsing relationship: /xl/worksheets/_rels/sheet1.xml.rels
12:34:03.766 [main] DEBUG org.apache.poi.openxml4j.opc.PackageRelationshipCollection - Parsing relationship: /_rels/.rels
12:34:03.777 [main] DEBUG org.apache.poi.openxml4j.opc.PackageRelationshipCollection - Parsing relationship: /xl/_rels/workbook.xml.rels
12:34:03.778 [main] DEBUG org.apache.poi.openxml4j.opc.PackageRelationshipCollection - Parsing relationship: /xl/worksheets/_rels/sheet1.xml.rels
12:34:03.778 [main] DEBUG org.apache.poi.openxml4j.opc.PackageRelationshipCollection - Parsing relationship: /_rels/.rels
12:34:03.792 [main] DEBUG org.apache.poi.openxml4j.opc.PackageRelationshipCollection - Parsing relationship: /xl/_rels/workbook.xml.rels
12:34:03.793 [main] DEBUG org.apache.poi.openxml4j.opc.PackageRelationshipCollection - Parsing relationship: /xl/worksheets/_rels/sheet1.xml.rels
12:34:03.794 [main] DEBUG org.apache.poi.openxml4j.opc.PackageRelationshipCollection - Parsing relationship: /_rels/.rels
12:34:03.824 [main] DEBUG org.apache.poi.openxml4j.opc.PackageRelationshipCollection - Parsing relationship: /xl/_rels/workbook.xml.rels
12:34:03.824 [main] DEBUG org.apache.poi.openxml4j.opc.PackageRelationshipCollection - Parsing relationship: /xl/worksheets/_rels/sheet1.xml.rels
12:34:03.825 [main] DEBUG org.apache.poi.openxml4j.opc.PackageRelationshipCollection - Parsing relationship: /_rels/.rels
12:34:03.845 [main] DEBUG org.apache.poi.openxml4j.opc.PackageRelationshipCollection - Parsing relationship: /xl/_rels/workbook.xml.rels
12:34:03.846 [main] DEBUG org.apache.poi.openxml4j.opc.PackageRelationshipCollection - Parsing relationship: /xl/worksheets/_rels/sheet1.xml.rels
12:34:03.846 [main] DEBUG org.apache.poi.openxml4j.opc.PackageRelationshipCollection - Parsing relationship: /_rels/.rels
12:34:03.858 [main] DEBUG org.apache.poi.openxml4j.opc.PackageRelationshipCollection - Parsing relationship: /xl/_rels/workbook.xml.rels
12:34:03.858 [main] DEBUG org.apache.poi.openxml4j.opc.PackageRelationshipCollection - Parsing relationship: /xl/worksheets/_rels/sheet1.xml.rels
12:34:03.860 [main] DEBUG org.apache.poi.openxml4j.opc.PackageRelationshipCollection - Parsing relationship: /_rels/.rels
12:34:03.879 [main] DEBUG org.apache.poi.openxml4j.opc.PackageRelationshipCollection - Parsing relationship: /xl/_rels/workbook.xml.rels
12:34:03.879 [main] DEBUG org.apache.poi.openxml4j.opc.PackageRelationshipCollection - Parsing relationship: /xl/worksheets/_rels/sheet1.xml.rels
12:34:03.880 [main] DEBUG org.apache.poi.openxml4j.opc.PackageRelationshipCollection - Parsing relationship: /_rels/.rels
12:34:03.913 [main] INFO  testCases.TC003_LoginDDT - ***** Starting TC003_LoginDDT *****
12:34:03.914 [main] INFO  testCases.TC003_LoginDDT - Navigate to Login page from Homepage
12:34:04.218 [main] INFO  testCases.TC003_LoginDDT - Log into the application
12:34:04.950 [main] INFO  testCases.TC003_LoginDDT - Verify MyAccount page after Login
12:34:04.988 [main] INFO  testCases.TC003_LoginDDT - Validations
12:34:05.276 [main] INFO  testCases.TC003_LoginDDT - ***** Finished TC003_LoginDDT *****
12:34:05.282 [main] INFO  testCases.TC003_LoginDDT - ***** Starting TC003_LoginDDT *****
12:34:05.282 [main] INFO  testCases.TC003_LoginDDT - Navigate to Login page from Homepage
12:34:05.526 [main] INFO  testCases.TC003_LoginDDT - Log into the application
12:34:06.123 [main] INFO  testCases.TC003_LoginDDT - Verify MyAccount page after Login
12:34:06.147 [main] INFO  testCases.TC003_LoginDDT - Validations
12:34:06.451 [main] INFO  testCases.TC003_LoginDDT - ***** Finished TC003_LoginDDT *****
12:34:06.456 [main] INFO  testCases.TC003_LoginDDT - ***** Starting TC003_LoginDDT *****
12:34:06.456 [main] INFO  testCases.TC003_LoginDDT - Navigate to Login page from Homepage
12:34:06.706 [main] INFO  testCases.TC003_LoginDDT - Log into the application
12:34:07.320 [main] INFO  testCases.TC003_LoginDDT - Verify MyAccount page after Login
12:34:07.345 [main] INFO  testCases.TC003_LoginDDT - Validations
12:34:07.721 [main] INFO  testCases.TC003_LoginDDT - ***** Finished TC003_LoginDDT *****
12:34:07.721 [main] INFO  testCases.TC003_LoginDDT - ***** Starting TC003_LoginDDT *****
12:34:07.721 [main] INFO  testCases.TC003_LoginDDT - Navigate to Login page from Homepage
12:34:07.971 [main] INFO  testCases.TC003_LoginDDT - Log into the application
12:34:08.517 [main] INFO  testCases.TC003_LoginDDT - Verify MyAccount page after Login
12:34:18.570 [main] INFO  testCases.TC003_LoginDDT - Validations
12:34:18.570 [main] INFO  testCases.TC003_LoginDDT - ***** Finished TC003_LoginDDT *****
12:34:18.580 [main] INFO  testCases.TC003_LoginDDT - ***** Starting TC003_LoginDDT *****
12:34:18.580 [main] INFO  testCases.TC003_LoginDDT - Navigate to Login page from Homepage
12:34:18.813 [main] INFO  testCases.TC003_LoginDDT - Log into the application
12:34:19.348 [main] INFO  testCases.TC003_LoginDDT - Verify MyAccount page after Login
12:34:29.430 [main] INFO  testCases.TC003_LoginDDT - Validations
12:34:29.435 [main] INFO  testCases.TC003_LoginDDT - ***** Starting TC003_LoginDDT *****
12:34:29.435 [main] INFO  testCases.TC003_LoginDDT - Navigate to Login page from Homepage
12:34:29.768 [main] INFO  testCases.TC003_LoginDDT - Log into the application
12:34:30.775 [main] INFO  testCases.TC003_LoginDDT - Verify MyAccount page after Login
12:34:30.794 [main] INFO  testCases.TC003_LoginDDT - Validations
12:34:31.068 [main] INFO  testCases.TC003_LoginDDT - ***** Finished TC003_LoginDDT *****
12:35:52.728 [main] DEBUG org.testng.TestNG - suiteXmlPath: "C:\Users\chait\Documents\Java_WS\OpencartV121\master.xml"
12:35:52.996 [main] INFO  org.testng.internal.Utils - [TestNG] Running:
  C:\Users\chait\Documents\Java_WS\OpencartV121\master.xml

12:35:55.719 [main] DEBUG org.apache.poi.openxml4j.opc.PackageRelationshipCollection - Parsing relationship: /xl/_rels/workbook.xml.rels
12:35:55.722 [main] DEBUG org.apache.poi.openxml4j.opc.PackageRelationshipCollection - Parsing relationship: /xl/worksheets/_rels/sheet1.xml.rels
12:35:55.724 [main] DEBUG org.apache.poi.openxml4j.opc.PackageRelationshipCollection - Parsing relationship: /_rels/.rels
12:35:56.171 [main] DEBUG org.apache.poi.openxml4j.opc.PackageRelationshipCollection - Parsing relationship: /xl/_rels/workbook.xml.rels
12:35:56.172 [main] DEBUG org.apache.poi.openxml4j.opc.PackageRelationshipCollection - Parsing relationship: /xl/worksheets/_rels/sheet1.xml.rels
12:35:56.172 [main] DEBUG org.apache.poi.openxml4j.opc.PackageRelationshipCollection - Parsing relationship: /_rels/.rels
12:35:56.192 [main] DEBUG org.apache.poi.openxml4j.opc.PackageRelationshipCollection - Parsing relationship: /xl/_rels/workbook.xml.rels
12:35:56.193 [main] DEBUG org.apache.poi.openxml4j.opc.PackageRelationshipCollection - Parsing relationship: /xl/worksheets/_rels/sheet1.xml.rels
12:35:56.193 [main] DEBUG org.apache.poi.openxml4j.opc.PackageRelationshipCollection - Parsing relationship: /_rels/.rels
12:35:56.223 [main] DEBUG org.apache.poi.openxml4j.opc.PackageRelationshipCollection - Parsing relationship: /xl/_rels/workbook.xml.rels
12:35:56.224 [main] DEBUG org.apache.poi.openxml4j.opc.PackageRelationshipCollection - Parsing relationship: /xl/worksheets/_rels/sheet1.xml.rels
12:35:56.225 [main] DEBUG org.apache.poi.openxml4j.opc.PackageRelationshipCollection - Parsing relationship: /_rels/.rels
12:35:56.242 [main] DEBUG org.apache.poi.openxml4j.opc.PackageRelationshipCollection - Parsing relationship: /xl/_rels/workbook.xml.rels
12:35:56.242 [main] DEBUG org.apache.poi.openxml4j.opc.PackageRelationshipCollection - Parsing relationship: /xl/worksheets/_rels/sheet1.xml.rels
12:35:56.243 [main] DEBUG org.apache.poi.openxml4j.opc.PackageRelationshipCollection - Parsing relationship: /_rels/.rels
12:35:56.258 [main] DEBUG org.apache.poi.openxml4j.opc.PackageRelationshipCollection - Parsing relationship: /xl/_rels/workbook.xml.rels
12:35:56.258 [main] DEBUG org.apache.poi.openxml4j.opc.PackageRelationshipCollection - Parsing relationship: /xl/worksheets/_rels/sheet1.xml.rels
12:35:56.260 [main] DEBUG org.apache.poi.openxml4j.opc.PackageRelationshipCollection - Parsing relationship: /_rels/.rels
12:35:56.279 [main] DEBUG org.apache.poi.openxml4j.opc.PackageRelationshipCollection - Parsing relationship: /xl/_rels/workbook.xml.rels
12:35:56.281 [main] DEBUG org.apache.poi.openxml4j.opc.PackageRelationshipCollection - Parsing relationship: /xl/worksheets/_rels/sheet1.xml.rels
12:35:56.282 [main] DEBUG org.apache.poi.openxml4j.opc.PackageRelationshipCollection - Parsing relationship: /_rels/.rels
12:35:56.302 [main] DEBUG org.apache.poi.openxml4j.opc.PackageRelationshipCollection - Parsing relationship: /xl/_rels/workbook.xml.rels
12:35:56.303 [main] DEBUG org.apache.poi.openxml4j.opc.PackageRelationshipCollection - Parsing relationship: /xl/worksheets/_rels/sheet1.xml.rels
12:35:56.304 [main] DEBUG org.apache.poi.openxml4j.opc.PackageRelationshipCollection - Parsing relationship: /_rels/.rels
12:35:56.318 [main] DEBUG org.apache.poi.openxml4j.opc.PackageRelationshipCollection - Parsing relationship: /xl/_rels/workbook.xml.rels
12:35:56.319 [main] DEBUG org.apache.poi.openxml4j.opc.PackageRelationshipCollection - Parsing relationship: /xl/worksheets/_rels/sheet1.xml.rels
12:35:56.319 [main] DEBUG org.apache.poi.openxml4j.opc.PackageRelationshipCollection - Parsing relationship: /_rels/.rels
12:35:56.331 [main] DEBUG org.apache.poi.openxml4j.opc.PackageRelationshipCollection - Parsing relationship: /xl/_rels/workbook.xml.rels
12:35:56.331 [main] DEBUG org.apache.poi.openxml4j.opc.PackageRelationshipCollection - Parsing relationship: /xl/worksheets/_rels/sheet1.xml.rels
12:35:56.332 [main] DEBUG org.apache.poi.openxml4j.opc.PackageRelationshipCollection - Parsing relationship: /_rels/.rels
12:35:56.341 [main] DEBUG org.apache.poi.openxml4j.opc.PackageRelationshipCollection - Parsing relationship: /xl/_rels/workbook.xml.rels
12:35:56.341 [main] DEBUG org.apache.poi.openxml4j.opc.PackageRelationshipCollection - Parsing relationship: /xl/worksheets/_rels/sheet1.xml.rels
12:35:56.342 [main] DEBUG org.apache.poi.openxml4j.opc.PackageRelationshipCollection - Parsing relationship: /_rels/.rels
12:35:56.354 [main] DEBUG org.apache.poi.openxml4j.opc.PackageRelationshipCollection - Parsing relationship: /xl/_rels/workbook.xml.rels
12:35:56.354 [main] DEBUG org.apache.poi.openxml4j.opc.PackageRelationshipCollection - Parsing relationship: /xl/worksheets/_rels/sheet1.xml.rels
12:35:56.355 [main] DEBUG org.apache.poi.openxml4j.opc.PackageRelationshipCollection - Parsing relationship: /_rels/.rels
12:35:56.366 [main] DEBUG org.apache.poi.openxml4j.opc.PackageRelationshipCollection - Parsing relationship: /xl/_rels/workbook.xml.rels
12:35:56.367 [main] DEBUG org.apache.poi.openxml4j.opc.PackageRelationshipCollection - Parsing relationship: /xl/worksheets/_rels/sheet1.xml.rels
12:35:56.367 [main] DEBUG org.apache.poi.openxml4j.opc.PackageRelationshipCollection - Parsing relationship: /_rels/.rels
12:35:56.378 [main] DEBUG org.apache.poi.openxml4j.opc.PackageRelationshipCollection - Parsing relationship: /xl/_rels/workbook.xml.rels
12:35:56.378 [main] DEBUG org.apache.poi.openxml4j.opc.PackageRelationshipCollection - Parsing relationship: /xl/worksheets/_rels/sheet1.xml.rels
12:35:56.378 [main] DEBUG org.apache.poi.openxml4j.opc.PackageRelationshipCollection - Parsing relationship: /_rels/.rels
12:35:56.390 [main] DEBUG org.apache.poi.openxml4j.opc.PackageRelationshipCollection - Parsing relationship: /xl/_rels/workbook.xml.rels
12:35:56.391 [main] DEBUG org.apache.poi.openxml4j.opc.PackageRelationshipCollection - Parsing relationship: /xl/worksheets/_rels/sheet1.xml.rels
12:35:56.391 [main] DEBUG org.apache.poi.openxml4j.opc.PackageRelationshipCollection - Parsing relationship: /_rels/.rels
12:35:56.404 [main] DEBUG org.apache.poi.openxml4j.opc.PackageRelationshipCollection - Parsing relationship: /xl/_rels/workbook.xml.rels
12:35:56.405 [main] DEBUG org.apache.poi.openxml4j.opc.PackageRelationshipCollection - Parsing relationship: /xl/worksheets/_rels/sheet1.xml.rels
12:35:56.406 [main] DEBUG org.apache.poi.openxml4j.opc.PackageRelationshipCollection - Parsing relationship: /_rels/.rels
12:35:56.434 [main] DEBUG org.apache.poi.openxml4j.opc.PackageRelationshipCollection - Parsing relationship: /xl/_rels/workbook.xml.rels
12:35:56.435 [main] DEBUG org.apache.poi.openxml4j.opc.PackageRelationshipCollection - Parsing relationship: /xl/worksheets/_rels/sheet1.xml.rels
12:35:56.435 [main] DEBUG org.apache.poi.openxml4j.opc.PackageRelationshipCollection - Parsing relationship: /_rels/.rels
12:35:56.446 [main] DEBUG org.apache.poi.openxml4j.opc.PackageRelationshipCollection - Parsing relationship: /xl/_rels/workbook.xml.rels
12:35:56.447 [main] DEBUG org.apache.poi.openxml4j.opc.PackageRelationshipCollection - Parsing relationship: /xl/worksheets/_rels/sheet1.xml.rels
12:35:56.447 [main] DEBUG org.apache.poi.openxml4j.opc.PackageRelationshipCollection - Parsing relationship: /_rels/.rels
12:35:56.460 [main] DEBUG org.apache.poi.openxml4j.opc.PackageRelationshipCollection - Parsing relationship: /xl/_rels/workbook.xml.rels
12:35:56.461 [main] DEBUG org.apache.poi.openxml4j.opc.PackageRelationshipCollection - Parsing relationship: /xl/worksheets/_rels/sheet1.xml.rels
12:35:56.461 [main] DEBUG org.apache.poi.openxml4j.opc.PackageRelationshipCollection - Parsing relationship: /_rels/.rels
12:35:56.472 [main] DEBUG org.apache.poi.openxml4j.opc.PackageRelationshipCollection - Parsing relationship: /xl/_rels/workbook.xml.rels
12:35:56.473 [main] DEBUG org.apache.poi.openxml4j.opc.PackageRelationshipCollection - Parsing relationship: /xl/worksheets/_rels/sheet1.xml.rels
12:35:56.473 [main] DEBUG org.apache.poi.openxml4j.opc.PackageRelationshipCollection - Parsing relationship: /_rels/.rels
12:35:56.484 [main] DEBUG org.apache.poi.openxml4j.opc.PackageRelationshipCollection - Parsing relationship: /xl/_rels/workbook.xml.rels
12:35:56.484 [main] DEBUG org.apache.poi.openxml4j.opc.PackageRelationshipCollection - Parsing relationship: /xl/worksheets/_rels/sheet1.xml.rels
12:35:56.485 [main] DEBUG org.apache.poi.openxml4j.opc.PackageRelationshipCollection - Parsing relationship: /_rels/.rels
12:35:56.496 [main] DEBUG org.apache.poi.openxml4j.opc.PackageRelationshipCollection - Parsing relationship: /xl/_rels/workbook.xml.rels
12:35:56.496 [main] DEBUG org.apache.poi.openxml4j.opc.PackageRelationshipCollection - Parsing relationship: /xl/worksheets/_rels/sheet1.xml.rels
12:35:56.497 [main] DEBUG org.apache.poi.openxml4j.opc.PackageRelationshipCollection - Parsing relationship: /_rels/.rels
12:35:56.507 [main] DEBUG org.apache.poi.openxml4j.opc.PackageRelationshipCollection - Parsing relationship: /xl/_rels/workbook.xml.rels
12:35:56.508 [main] DEBUG org.apache.poi.openxml4j.opc.PackageRelationshipCollection - Parsing relationship: /xl/worksheets/_rels/sheet1.xml.rels
12:35:56.508 [main] DEBUG org.apache.poi.openxml4j.opc.PackageRelationshipCollection - Parsing relationship: /_rels/.rels
12:35:56.535 [main] INFO  testCases.TC003_LoginDDT - ***** Starting TC003_LoginDDT *****
12:35:56.535 [main] INFO  testCases.TC003_LoginDDT - Navigate to Login page from Homepage
12:35:56.818 [main] INFO  testCases.TC003_LoginDDT - Log into the application
12:35:57.500 [main] INFO  testCases.TC003_LoginDDT - Verify MyAccount page after Login
12:35:57.538 [main] INFO  testCases.TC003_LoginDDT - Validations
12:35:57.832 [main] INFO  testCases.TC003_LoginDDT - ***** Finished TC003_LoginDDT *****
12:35:57.841 [main] INFO  testCases.TC003_LoginDDT - ***** Starting TC003_LoginDDT *****
12:35:57.841 [main] INFO  testCases.TC003_LoginDDT - Navigate to Login page from Homepage
12:35:58.081 [main] INFO  testCases.TC003_LoginDDT - Log into the application
12:35:58.694 [main] INFO  testCases.TC003_LoginDDT - Verify MyAccount page after Login
12:35:58.745 [main] INFO  testCases.TC003_LoginDDT - Validations
12:35:59.013 [main] INFO  testCases.TC003_LoginDDT - ***** Finished TC003_LoginDDT *****
12:35:59.016 [main] INFO  testCases.TC003_LoginDDT - ***** Starting TC003_LoginDDT *****
12:35:59.016 [main] INFO  testCases.TC003_LoginDDT - Navigate to Login page from Homepage
12:35:59.358 [main] INFO  testCases.TC003_LoginDDT - Log into the application
12:36:00.179 [main] INFO  testCases.TC003_LoginDDT - Verify MyAccount page after Login
12:36:00.202 [main] INFO  testCases.TC003_LoginDDT - Validations
12:36:00.502 [main] INFO  testCases.TC003_LoginDDT - ***** Finished TC003_LoginDDT *****
12:36:00.507 [main] INFO  testCases.TC003_LoginDDT - ***** Starting TC003_LoginDDT *****
12:36:00.507 [main] INFO  testCases.TC003_LoginDDT - Navigate to Login page from Homepage
12:36:00.790 [main] INFO  testCases.TC003_LoginDDT - Log into the application
12:36:01.341 [main] INFO  testCases.TC003_LoginDDT - Verify MyAccount page after Login
12:36:11.404 [main] INFO  testCases.TC003_LoginDDT - Validations
12:36:11.404 [main] INFO  testCases.TC003_LoginDDT - ***** Finished TC003_LoginDDT *****
12:36:11.404 [main] INFO  testCases.TC003_LoginDDT - ***** Starting TC003_LoginDDT *****
12:36:11.404 [main] INFO  testCases.TC003_LoginDDT - Navigate to Login page from Homepage
12:36:11.808 [main] INFO  testCases.TC003_LoginDDT - Log into the application
12:36:12.535 [main] INFO  testCases.TC003_LoginDDT - Verify MyAccount page after Login
12:36:22.625 [main] INFO  testCases.TC003_LoginDDT - Validations
12:36:22.680 [main] INFO  testCases.TC003_LoginDDT - ***** Starting TC003_LoginDDT *****
12:36:22.680 [main] INFO  testCases.TC003_LoginDDT - Navigate to Login page from Homepage
12:36:23.119 [main] INFO  testCases.TC003_LoginDDT - Log into the application
12:36:23.938 [main] INFO  testCases.TC003_LoginDDT - Verify MyAccount page after Login
12:36:23.976 [main] INFO  testCases.TC003_LoginDDT - Validations
12:36:24.333 [main] INFO  testCases.TC003_LoginDDT - ***** Finished TC003_LoginDDT *****
12:36:24.342 [main] INFO  testCases.TC003_LoginDDT - ***** Starting TC003_LoginDDT *****
12:36:24.342 [main] INFO  testCases.TC003_LoginDDT - Navigate to Login page from Homepage
12:36:24.695 [main] INFO  testCases.TC003_LoginDDT - Log into the application
12:36:25.376 [main] INFO  testCases.TC003_LoginDDT - Verify MyAccount page after Login
12:36:35.425 [main] INFO  testCases.TC003_LoginDDT - Validations
12:36:35.425 [main] INFO  testCases.TC003_LoginDDT - ***** Finished TC003_LoginDDT *****
16:35:23.985 [main] DEBUG org.testng.TestNG - suiteXmlPath: "C:\Users\chait\Documents\Java_WS\OpencartV121\grouping.xml"
16:35:24.461 [main] INFO  org.testng.internal.Utils - [TestNG] Running:
  C:\Users\chait\Documents\Java_WS\OpencartV121\grouping.xml

16:35:28.623 [main] INFO  testCases.TC001_AccountRegistrationTest - ***** Starting TC001_AccountRegistrationTest *****
16:35:28.752 [main] INFO  testCases.TC001_AccountRegistrationTest - Clicked on MyAccount link
16:35:29.097 [main] INFO  testCases.TC001_AccountRegistrationTest - Clicked on Register link
16:35:29.099 [main] INFO  testCases.TC001_AccountRegistrationTest - Providing Customer details
16:35:30.666 [main] INFO  testCases.TC001_AccountRegistrationTest - Validating expected message
16:35:30.772 [main] INFO  testCases.TC001_AccountRegistrationTest - ***** Finished TC001_AccountRegistrationTest *****
16:35:34.074 [main] INFO  testCases.TC002_LoginTest - ***** Starting TC002_Login *****
16:35:34.074 [main] INFO  testCases.TC002_LoginTest - Navigate to Login page from Homepage
16:35:34.506 [main] INFO  testCases.TC002_LoginTest - Log into the application
16:35:35.495 [main] INFO  testCases.TC002_LoginTest - Verify MyAccount page after Login
16:35:35.546 [main] INFO  testCases.TC002_LoginTest - ***** Finished TC002_Login *****
16:40:42.287 [main] DEBUG org.testng.TestNG - suiteXmlPath: "C:\Users\chait\Documents\Java_WS\OpencartV121\grouping.xml"
16:40:42.744 [main] INFO  org.testng.internal.Utils - [TestNG] Running:
  C:\Users\chait\Documents\Java_WS\OpencartV121\grouping.xml

16:40:46.582 [main] INFO  testCases.TC002_LoginTest - ***** Starting TC002_Login *****
16:40:46.582 [main] INFO  testCases.TC002_LoginTest - Navigate to Login page from Homepage
16:40:46.942 [main] INFO  testCases.TC002_LoginTest - Log into the application
16:40:47.976 [main] INFO  testCases.TC002_LoginTest - Verify MyAccount page after Login
16:40:48.031 [main] INFO  testCases.TC002_LoginTest - ***** Finished TC002_Login *****
20:03:10.743 [main] DEBUG org.testng.TestNG - suiteXmlPath: "C:\Users\chait\Documents\Java_WS\OpencartV121\master.xml"
20:03:11.296 [main] INFO  org.testng.internal.Utils - [TestNG] Running:
  C:\Users\chait\Documents\Java_WS\OpencartV121\master.xml

20:03:15.728 [main] INFO  testCases.TC001_AccountRegistrationTest - ***** Starting TC001_AccountRegistrationTest *****
20:03:15.860 [main] INFO  testCases.TC001_AccountRegistrationTest - Clicked on MyAccount link
20:03:16.245 [main] INFO  testCases.TC001_AccountRegistrationTest - Clicked on Register link
20:03:16.251 [main] INFO  testCases.TC001_AccountRegistrationTest - Providing Customer details
20:03:17.854 [main] INFO  testCases.TC001_AccountRegistrationTest - Validating expected message
20:03:17.911 [main] INFO  testCases.TC001_AccountRegistrationTest - ***** Finished TC001_AccountRegistrationTest *****
20:03:21.709 [main] INFO  testCases.TC002_LoginTest - ***** Starting TC002_Login *****
20:03:21.709 [main] INFO  testCases.TC002_LoginTest - Navigate to Login page from Homepage
20:03:22.059 [main] INFO  testCases.TC002_LoginTest - Log into the application
20:03:22.911 [main] INFO  testCases.TC002_LoginTest - Verify MyAccount page after Login
20:03:23.005 [main] INFO  testCases.TC002_LoginTest - ***** Finished TC002_Login *****
00:19:39.998 [main] DEBUG org.testng.TestNG - suiteXmlPath: "C:\Users\chait\Documents\Java_WS\OpencartV121\grouping.xml"
00:19:40.549 [main] INFO  org.testng.internal.Utils - [TestNG] Running:
  C:\Users\chait\Documents\Java_WS\OpencartV121\grouping.xml

00:19:44.895 [main] INFO  testCases.TC001_AccountRegistrationTest - ***** Starting TC001_AccountRegistrationTest *****
00:19:45.365 [main] INFO  testCases.TC001_AccountRegistrationTest - Clicked on MyAccount link
00:19:45.705 [main] INFO  testCases.TC001_AccountRegistrationTest - Clicked on Register link
00:19:45.708 [main] INFO  testCases.TC001_AccountRegistrationTest - Providing Customer details
00:19:47.356 [main] INFO  testCases.TC001_AccountRegistrationTest - Validating expected message
00:19:47.415 [main] INFO  testCases.TC001_AccountRegistrationTest - ***** Finished TC001_AccountRegistrationTest *****
00:19:51.840 [main] INFO  testCases.TC002_LoginTest - ***** Starting TC002_Login *****
00:19:51.840 [main] INFO  testCases.TC002_LoginTest - Navigate to Login page from Homepage
00:19:52.173 [main] INFO  testCases.TC002_LoginTest - Log into the application
00:19:53.049 [main] INFO  testCases.TC002_LoginTest - Verify MyAccount page after Login
00:19:53.165 [main] INFO  testCases.TC002_LoginTest - ***** Finished TC002_Login *****
00:24:22.637 [main] DEBUG org.testng.TestNG - suiteXmlPath: "C:\Users\chait\Documents\Java_WS\OpencartV121\grouping.xml"
00:24:23.114 [main] INFO  org.testng.internal.Utils - [TestNG] Running:
  C:\Users\chait\Documents\Java_WS\OpencartV121\grouping.xml

00:24:26.903 [main] INFO  testCases.TC001_AccountRegistrationTest - ***** Starting TC001_AccountRegistrationTest *****
00:24:27.066 [main] INFO  testCases.TC001_AccountRegistrationTest - Clicked on MyAccount link
00:24:27.406 [main] INFO  testCases.TC001_AccountRegistrationTest - Clicked on Register link
00:24:27.409 [main] INFO  testCases.TC001_AccountRegistrationTest - Providing Customer details
00:24:29.525 [main] INFO  testCases.TC001_AccountRegistrationTest - Validating expected message
00:24:29.566 [main] INFO  testCases.TC001_AccountRegistrationTest - ***** Finished TC001_AccountRegistrationTest *****
00:24:32.390 [main] INFO  testCases.TC002_LoginTest - ***** Starting TC002_Login *****
00:24:32.391 [main] INFO  testCases.TC002_LoginTest - Navigate to Login page from Homepage
00:24:32.735 [main] INFO  testCases.TC002_LoginTest - Log into the application
00:24:33.747 [main] INFO  testCases.TC002_LoginTest - Verify MyAccount page after Login
00:32:24.753 [main] DEBUG org.testng.TestNG - suiteXmlPath: "C:\Users\chait\Documents\Java_WS\OpencartV121\master.xml"
00:32:25.187 [main] INFO  org.testng.internal.Utils - [TestNG] Running:
  C:\Users\chait\Documents\Java_WS\OpencartV121\master.xml

00:32:29.161 [main] INFO  testCases.TC001_AccountRegistrationTest - ***** Starting TC001_AccountRegistrationTest *****
00:32:29.782 [main] INFO  testCases.TC001_AccountRegistrationTest - Clicked on MyAccount link
00:32:30.115 [main] INFO  testCases.TC001_AccountRegistrationTest - Clicked on Register link
00:32:30.120 [main] INFO  testCases.TC001_AccountRegistrationTest - Providing Customer details
00:32:31.777 [main] INFO  testCases.TC001_AccountRegistrationTest - Validating expected message
00:32:31.830 [main] INFO  testCases.TC001_AccountRegistrationTest - ***** Finished TC001_AccountRegistrationTest *****
00:32:35.248 [main] INFO  testCases.TC002_LoginTest - ***** Starting TC002_Login *****
00:32:35.248 [main] INFO  testCases.TC002_LoginTest - Navigate to Login page from Homepage
00:32:35.596 [main] INFO  testCases.TC002_LoginTest - Log into the application
00:32:36.469 [main] INFO  testCases.TC002_LoginTest - Verify MyAccount page after Login
00:35:00.094 [main] DEBUG org.testng.TestNG - suiteXmlPath: "C:\Users\chait\Documents\Java_WS\OpencartV121\test-output\testng-failed.xml"
00:35:00.539 [main] INFO  org.testng.internal.Utils - [TestNG] Running:
  C:\Users\chait\Documents\Java_WS\OpencartV121\test-output\testng-failed.xml

00:35:04.332 [main] INFO  testCases.TC002_LoginTest - ***** Starting TC002_Login *****
00:35:04.333 [main] INFO  testCases.TC002_LoginTest - Navigate to Login page from Homepage
00:35:04.731 [main] INFO  testCases.TC002_LoginTest - Log into the application
00:35:05.712 [main] INFO  testCases.TC002_LoginTest - Verify MyAccount page after Login
00:35:05.768 [main] INFO  testCases.TC002_LoginTest - ***** Finished TC002_Login *****
00:47:22.997 [main] DEBUG org.testng.TestNG - suiteXmlPath: "C:\Users\chait\Documents\Java_WS\OpencartV121\master.xml"
00:47:23.442 [main] INFO  org.testng.internal.Utils - [TestNG] Running:
  C:\Users\chait\Documents\Java_WS\OpencartV121\master.xml

00:47:27.591 [main] INFO  testCases.TC001_AccountRegistrationTest - ***** Starting TC001_AccountRegistrationTest *****
00:47:27.713 [main] INFO  testCases.TC001_AccountRegistrationTest - Clicked on MyAccount link
00:47:28.043 [main] INFO  testCases.TC001_AccountRegistrationTest - Clicked on Register link
00:47:28.045 [main] INFO  testCases.TC001_AccountRegistrationTest - Providing Customer details
00:47:29.812 [main] INFO  testCases.TC001_AccountRegistrationTest - Validating expected message
00:47:29.871 [main] INFO  testCases.TC001_AccountRegistrationTest - ***** Finished TC001_AccountRegistrationTest *****
00:47:33.486 [main] INFO  testCases.TC002_LoginTest - ***** Starting TC002_Login *****
00:47:33.487 [main] INFO  testCases.TC002_LoginTest - Navigate to Login page from Homepage
00:47:33.857 [main] INFO  testCases.TC002_LoginTest - Log into the application
00:47:34.913 [main] INFO  testCases.TC002_LoginTest - Verify MyAccount page after Login
00:47:34.980 [main] INFO  testCases.TC002_LoginTest - ***** Finished TC002_Login *****
00:48:41.995 [main] DEBUG org.testng.TestNG - suiteXmlPath: "C:\Users\chait\Documents\Java_WS\OpencartV121\master.xml"
00:48:42.455 [main] INFO  org.testng.internal.Utils - [TestNG] Running:
  C:\Users\chait\Documents\Java_WS\OpencartV121\master.xml

00:48:46.523 [main] INFO  testCases.TC001_AccountRegistrationTest - ***** Starting TC001_AccountRegistrationTest *****
00:48:46.633 [main] INFO  testCases.TC001_AccountRegistrationTest - Clicked on MyAccount link
00:48:46.950 [main] INFO  testCases.TC001_AccountRegistrationTest - Clicked on Register link
00:48:46.952 [main] INFO  testCases.TC001_AccountRegistrationTest - Providing Customer details
00:48:49.809 [main] INFO  testCases.TC001_AccountRegistrationTest - Validating expected message
00:48:49.884 [main] INFO  testCases.TC001_AccountRegistrationTest - ***** Finished TC001_AccountRegistrationTest *****
00:48:53.922 [main] INFO  testCases.TC002_LoginTest - ***** Starting TC002_Login *****
00:48:53.923 [main] INFO  testCases.TC002_LoginTest - Navigate to Login page from Homepage
00:48:54.248 [main] INFO  testCases.TC002_LoginTest - Log into the application
00:48:55.085 [main] INFO  testCases.TC002_LoginTest - Verify MyAccount page after Login
00:52:04.562 [main] DEBUG org.testng.TestNG - suiteXmlPath: "C:\Users\chait\Documents\Java_WS\OpencartV121\test-output\testng-failed.xml"
00:52:05.078 [main] INFO  org.testng.internal.Utils - [TestNG] Running:
  C:\Users\chait\Documents\Java_WS\OpencartV121\test-output\testng-failed.xml

00:52:09.484 [main] INFO  testCases.TC001_AccountRegistrationTest - ***** Starting TC001_AccountRegistrationTest *****
00:52:09.602 [main] INFO  testCases.TC001_AccountRegistrationTest - Clicked on MyAccount link
00:52:10.006 [main] INFO  testCases.TC001_AccountRegistrationTest - Clicked on Register link
00:52:10.009 [main] INFO  testCases.TC001_AccountRegistrationTest - Providing Customer details
00:52:11.528 [main] INFO  testCases.TC001_AccountRegistrationTest - Validating expected message
00:52:11.585 [main] INFO  testCases.TC001_AccountRegistrationTest - Test passed
00:52:11.585 [main] INFO  testCases.TC001_AccountRegistrationTest - ***** Finished TC001_AccountRegistrationTest *****
00:52:14.820 [main] INFO  testCases.TC002_LoginTest - ***** Starting TC002_Login *****
00:52:14.821 [main] INFO  testCases.TC002_LoginTest - Navigate to Login page from Homepage
00:52:15.183 [main] INFO  testCases.TC002_LoginTest - Log into the application
00:52:17.123 [main] INFO  testCases.TC002_LoginTest - Verify MyAccount page after Login
00:52:17.187 [main] INFO  testCases.TC002_LoginTest - ***** Finished TC002_Login *****
09:33:32.036 [main] DEBUG org.testng.TestNG - suiteXmlPath: "C:\Users\chait\Documents\Java_WS\OpencartV121\master.xml"
09:33:32.605 [main] INFO  org.testng.internal.Utils - [TestNG] Running:
  C:\Users\chait\Documents\Java_WS\OpencartV121\master.xml

09:33:37.615 [main] INFO  testCases.TC001_AccountRegistrationTest - ***** Starting TC001_AccountRegistrationTest *****
09:33:37.767 [main] INFO  testCases.TC001_AccountRegistrationTest - Clicked on MyAccount link
09:33:38.152 [main] INFO  testCases.TC001_AccountRegistrationTest - Clicked on Register link
09:33:38.155 [main] INFO  testCases.TC001_AccountRegistrationTest - Providing Customer details
09:33:40.477 [main] INFO  testCases.TC001_AccountRegistrationTest - Validating expected message
09:33:40.541 [main] INFO  testCases.TC001_AccountRegistrationTest - Test passed
09:33:40.541 [main] INFO  testCases.TC001_AccountRegistrationTest - ***** Finished TC001_AccountRegistrationTest *****
09:33:44.370 [main] INFO  testCases.TC002_LoginTest - ***** Starting TC002_Login *****
09:33:44.370 [main] INFO  testCases.TC002_LoginTest - Navigate to Login page from Homepage
09:33:44.799 [main] INFO  testCases.TC002_LoginTest - Log into the application
09:33:46.246 [main] INFO  testCases.TC002_LoginTest - Verify MyAccount page after Login
09:33:46.376 [main] INFO  testCases.TC002_LoginTest - ***** Finished TC002_Login *****
09:35:02.328 [main] DEBUG org.testng.TestNG - suiteXmlPath: "C:\Users\chait\Documents\Java_WS\OpencartV121\master.xml"
09:35:02.877 [main] INFO  org.testng.internal.Utils - [TestNG] Running:
  C:\Users\chait\Documents\Java_WS\OpencartV121\master.xml

09:35:10.262 [main] INFO  testCases.TC001_AccountRegistrationTest - ***** Starting TC001_AccountRegistrationTest *****
09:35:10.840 [main] INFO  testCases.TC001_AccountRegistrationTest - Clicked on MyAccount link
09:35:11.453 [main] INFO  testCases.TC001_AccountRegistrationTest - Clicked on Register link
09:35:11.463 [main] INFO  testCases.TC001_AccountRegistrationTest - Providing Customer details
09:35:16.452 [main] INFO  testCases.TC001_AccountRegistrationTest - Validating expected message
09:35:16.600 [main] INFO  testCases.TC001_AccountRegistrationTest - Test passed
09:35:16.600 [main] INFO  testCases.TC001_AccountRegistrationTest - ***** Finished TC001_AccountRegistrationTest *****
09:35:19.705 [main] INFO  testCases.TC002_LoginTest - ***** Starting TC002_Login *****
09:35:19.710 [main] INFO  testCases.TC002_LoginTest - Navigate to Login page from Homepage
09:35:20.511 [main] INFO  testCases.TC002_LoginTest - Log into the application
09:35:21.732 [main] INFO  testCases.TC002_LoginTest - Verify MyAccount page after Login
09:35:22.105 [main] INFO  testCases.TC002_LoginTest - ***** Finished TC002_Login *****
09:35:57.911 [main] DEBUG org.testng.TestNG - suiteXmlPath: "C:\Users\chait\Documents\Java_WS\OpencartV121\master.xml"
09:35:58.374 [main] INFO  org.testng.internal.Utils - [TestNG] Running:
  C:\Users\chait\Documents\Java_WS\OpencartV121\master.xml

09:36:02.832 [main] INFO  testCases.TC001_AccountRegistrationTest - ***** Starting TC001_AccountRegistrationTest *****
09:36:03.006 [main] INFO  testCases.TC001_AccountRegistrationTest - Clicked on MyAccount link
09:36:03.415 [main] INFO  testCases.TC001_AccountRegistrationTest - Clicked on Register link
09:36:03.416 [main] INFO  testCases.TC001_AccountRegistrationTest - Providing Customer details
09:36:05.620 [main] INFO  testCases.TC001_AccountRegistrationTest - Validating expected message
09:36:05.777 [main] INFO  testCases.TC001_AccountRegistrationTest - Test passed
09:36:05.777 [main] INFO  testCases.TC001_AccountRegistrationTest - ***** Finished TC001_AccountRegistrationTest *****
09:36:09.220 [main] INFO  testCases.TC002_LoginTest - ***** Starting TC002_Login *****
09:36:09.220 [main] INFO  testCases.TC002_LoginTest - Navigate to Login page from Homepage
09:36:10.202 [main] INFO  testCases.TC002_LoginTest - Log into the application
09:36:14.790 [main] INFO  testCases.TC002_LoginTest - Verify MyAccount page after Login
09:36:14.944 [main] INFO  testCases.TC002_LoginTest - ***** Finished TC002_Login *****
09:37:29.633 [main] DEBUG org.testng.TestNG - suiteXmlPath: "C:\Users\chait\Documents\Java_WS\OpencartV121\crossbrowsertesting.xml"
09:37:30.080 [main] INFO  org.testng.internal.Utils - [TestNG] Running:
  C:\Users\chait\Documents\Java_WS\OpencartV121\crossbrowsertesting.xml

09:37:30.530 [TestNG-tests-3] INFO  testCases.TC001_AccountRegistrationTest - ***** Starting TC001_AccountRegistrationTest *****
09:37:30.575 [TestNG-tests-3] ERROR testCases.TC001_AccountRegistrationTest - Test failed: Cannot invoke "org.openqa.selenium.SearchContext.findElement(org.openqa.selenium.By)" because "this.searchContext" is null
09:37:30.587 [TestNG-tests-3] INFO  testCases.TC001_AccountRegistrationTest - ***** Finished TC001_AccountRegistrationTest *****
09:37:35.611 [TestNG-tests-2] INFO  testCases.TC001_AccountRegistrationTest - ***** Starting TC001_AccountRegistrationTest *****
09:37:35.664 [TestNG-tests-1] INFO  testCases.TC001_AccountRegistrationTest - ***** Starting TC001_AccountRegistrationTest *****
09:37:35.765 [TestNG-tests-2] INFO  testCases.TC001_AccountRegistrationTest - Clicked on MyAccount link
