09:37:35.852 [TestNG-tests-1] INFO  testCases.TC001_AccountRegistrationTest - Clicked on MyAccount link
09:37:45.956 [TestNG-tests-2] ERROR testCases.TC001_AccountRegistrationTest - Test failed: element not interactable
  (Session info: MicrosoftEdge=129.0.2792.89)
Build info: version: '4.25.0', revision: '8a8aea2337'
System info: os.name: 'Windows 11', os.arch: 'amd64', os.version: '10.0', java.version: '17.0.10'
Driver info: org.openqa.selenium.remote.RemoteWebDriver
Command: [83a97d97b0cceb88ff50a95f9a19419f, clickElement {id=f.54F1DC05E919CBE3C8D1553691C6AAAA.d.F64A54AB022E0C85DAFEEC57726261FB.e.31}]
Capabilities {acceptInsecureCerts: false, browserName: MicrosoftEdge, browserVersion: 129.0.2792.89, fedcm:accounts: true, ms:edgeOptions: {debuggerAddress: localhost:55889}, msedge: {msedgedriverVersion: 129.0.2792.89 (65986ec8d2a8..., userDataDir: C:\Users\chait\AppData\Loca...}, networkConnectionEnabled: false, pageLoadStrategy: normal, platformName: Windows 11, proxy: Proxy(), se:bidiEnabled: false, se:cdp: ws://192.168.1.3:4444/sessi..., se:cdpVersion: 129.0.2792.89, setWindowRect: true, strictFileInteractability: false, timeouts: {implicit: 0, pageLoad: 300000, script: 30000}, unhandledPromptBehavior: dismiss and notify, webauthn:extension:credBlob: true, webauthn:extension:largeBlob: true, webauthn:extension:minPinLength: true, webauthn:extension:prf: true, webauthn:virtualAuthenticators: true}
Element: [[RemoteWebDriver: MicrosoftEdge on Windows 11 (83a97d97b0cceb88ff50a95f9a19419f)] -> xpath: //a[normalize-space()='Register']]
Session ID: 83a97d97b0cceb88ff50a95f9a19419f
09:37:45.961 [TestNG-tests-2] INFO  testCases.TC001_AccountRegistrationTest - ***** Finished TC001_AccountRegistrationTest *****
09:37:56.070 [TestNG-tests-1] ERROR testCases.TC001_AccountRegistrationTest - Test failed: element not interactable
  (Session info: MicrosoftEdge=129.0.2792.89)
Build info: version: '4.25.0', revision: '8a8aea2337'
System info: os.name: 'Windows 11', os.arch: 'amd64', os.version: '10.0', java.version: '17.0.10'
Driver info: org.openqa.selenium.remote.RemoteWebDriver
Command: [83a97d97b0cceb88ff50a95f9a19419f, clickElement {id=f.54F1DC05E919CBE3C8D1553691C6AAAA.d.F64A54AB022E0C85DAFEEC57726261FB.e.31}]
Capabilities {acceptInsecureCerts: false, browserName: MicrosoftEdge, browserVersion: 129.0.2792.89, fedcm:accounts: true, ms:edgeOptions: {debuggerAddress: localhost:55889}, msedge: {msedgedriverVersion: 129.0.2792.89 (65986ec8d2a8..., userDataDir: C:\Users\chait\AppData\Loca...}, networkConnectionEnabled: false, pageLoadStrategy: normal, platformName: Windows 11, proxy: Proxy(), se:bidiEnabled: false, se:cdp: ws://192.168.1.3:4444/sessi..., se:cdpVersion: 129.0.2792.89, setWindowRect: true, strictFileInteractability: false, timeouts: {implicit: 0, pageLoad: 300000, script: 30000}, unhandledPromptBehavior: dismiss and notify, webauthn:extension:credBlob: true, webauthn:extension:largeBlob: true, webauthn:extension:minPinLength: true, webauthn:extension:prf: true, webauthn:virtualAuthenticators: true}
Element: [[RemoteWebDriver: MicrosoftEdge on Windows 11 (83a97d97b0cceb88ff50a95f9a19419f)] -> xpath: //a[normalize-space()='Register']]
Session ID: 83a97d97b0cceb88ff50a95f9a19419f
09:37:56.070 [TestNG-tests-1] INFO  testCases.TC001_AccountRegistrationTest - ***** Finished TC001_AccountRegistrationTest *****
09:49:08.337 [main] DEBUG org.testng.TestNG - suiteXmlPath: "C:\Users\chait\Documents\Java_WS\OpencartV121\crossbrowsertesting.xml"
09:49:08.846 [main] INFO  org.testng.internal.Utils - [TestNG] Running:
  C:\Users\chait\Documents\Java_WS\OpencartV121\crossbrowsertesting.xml

09:49:14.838 [TestNG-tests-1] INFO  testCases.TC001_AccountRegistrationTest - ***** Starting TC001_AccountRegistrationTest *****
09:49:15.752 [TestNG-tests-2] INFO  testCases.TC001_AccountRegistrationTest - ***** Starting TC001_AccountRegistrationTest *****
09:49:15.954 [TestNG-tests-1] INFO  testCases.TC001_AccountRegistrationTest - Clicked on MyAccount link
09:49:16.023 [TestNG-tests-2] INFO  testCases.TC001_AccountRegistrationTest - Clicked on MyAccount link
09:49:26.213 [TestNG-tests-1] ERROR testCases.TC001_AccountRegistrationTest - Test failed: element not interactable
  (Session info: MicrosoftEdge=129.0.2792.89)
Build info: version: '4.25.0', revision: '8a8aea2337'
System info: os.name: 'Windows 11', os.arch: 'amd64', os.version: '10.0', java.version: '17.0.10'
Driver info: org.openqa.selenium.remote.RemoteWebDriver
Command: [608d2cb1b2472cc5d35a592414e93a29, clickElement {id=f.B30AAD081186CD8FCA8C7F5B1B68B94E.d.EB85394DD8E6492E041E3645F04B5DA8.e.33}]
Capabilities {acceptInsecureCerts: false, browserName: MicrosoftEdge, browserVersion: 129.0.2792.89, fedcm:accounts: true, ms:edgeOptions: {debuggerAddress: localhost:56025}, msedge: {msedgedriverVersion: 129.0.2792.89 (65986ec8d2a8..., userDataDir: C:\Users\chait\AppData\Loca...}, networkConnectionEnabled: false, pageLoadStrategy: normal, platformName: Windows 11, proxy: Proxy(), se:bidiEnabled: false, se:cdp: ws://192.168.1.3:4444/sessi..., se:cdpVersion: 129.0.2792.89, setWindowRect: true, strictFileInteractability: false, timeouts: {implicit: 0, pageLoad: 300000, script: 30000}, unhandledPromptBehavior: dismiss and notify, webauthn:extension:credBlob: true, webauthn:extension:largeBlob: true, webauthn:extension:minPinLength: true, webauthn:extension:prf: true, webauthn:virtualAuthenticators: true}
Element: [[RemoteWebDriver: MicrosoftEdge on Windows 11 (608d2cb1b2472cc5d35a592414e93a29)] -> xpath: //a[normalize-space()='Register']]
Session ID: 608d2cb1b2472cc5d35a592414e93a29
09:49:26.213 [TestNG-tests-1] INFO  testCases.TC001_AccountRegistrationTest - ***** Finished TC001_AccountRegistrationTest *****
09:49:36.388 [TestNG-tests-2] ERROR testCases.TC001_AccountRegistrationTest - Test failed: element not interactable
  (Session info: MicrosoftEdge=129.0.2792.89)
Build info: version: '4.25.0', revision: '8a8aea2337'
System info: os.name: 'Windows 11', os.arch: 'amd64', os.version: '10.0', java.version: '17.0.10'
Driver info: org.openqa.selenium.remote.RemoteWebDriver
Command: [608d2cb1b2472cc5d35a592414e93a29, clickElement {id=f.B30AAD081186CD8FCA8C7F5B1B68B94E.d.EB85394DD8E6492E041E3645F04B5DA8.e.33}]
Capabilities {acceptInsecureCerts: false, browserName: MicrosoftEdge, browserVersion: 129.0.2792.89, fedcm:accounts: true, ms:edgeOptions: {debuggerAddress: localhost:56025}, msedge: {msedgedriverVersion: 129.0.2792.89 (65986ec8d2a8..., userDataDir: C:\Users\chait\AppData\Loca...}, networkConnectionEnabled: false, pageLoadStrategy: normal, platformName: Windows 11, proxy: Proxy(), se:bidiEnabled: false, se:cdp: ws://192.168.1.3:4444/sessi..., se:cdpVersion: 129.0.2792.89, setWindowRect: true, strictFileInteractability: false, timeouts: {implicit: 0, pageLoad: 300000, script: 30000}, unhandledPromptBehavior: dismiss and notify, webauthn:extension:credBlob: true, webauthn:extension:largeBlob: true, webauthn:extension:minPinLength: true, webauthn:extension:prf: true, webauthn:virtualAuthenticators: true}
Element: [[RemoteWebDriver: MicrosoftEdge on Windows 11 (608d2cb1b2472cc5d35a592414e93a29)] -> xpath: //a[normalize-space()='Register']]
Session ID: 608d2cb1b2472cc5d35a592414e93a29
09:49:36.388 [TestNG-tests-2] INFO  testCases.TC001_AccountRegistrationTest - ***** Finished TC001_AccountRegistrationTest *****
10:06:18.169 [main] DEBUG org.testng.TestNG - suiteXmlPath: "C:\Users\chait\Documents\Java_WS\OpencartV121\crossbrowsertesting.xml"
10:06:18.606 [main] INFO  org.testng.internal.Utils - [TestNG] Running:
  C:\Users\chait\Documents\Java_WS\OpencartV121\crossbrowsertesting.xml

10:06:24.082 [TestNG-tests-2] INFO  testCases.TC001_AccountRegistrationTest - ***** Starting TC001_AccountRegistrationTest *****
10:06:24.654 [TestNG-tests-1] INFO  testCases.TC001_AccountRegistrationTest - ***** Starting TC001_AccountRegistrationTest *****
10:06:24.885 [TestNG-tests-2] INFO  testCases.TC001_AccountRegistrationTest - Clicked on MyAccount link
10:06:24.963 [TestNG-tests-1] INFO  testCases.TC001_AccountRegistrationTest - Clicked on MyAccount link
10:06:31.591 [TestNG-tests-3] INFO  testCases.TC001_AccountRegistrationTest - ***** Starting TC001_AccountRegistrationTest *****
10:06:32.084 [TestNG-tests-3] INFO  testCases.TC001_AccountRegistrationTest - Clicked on MyAccount link
10:06:32.721 [TestNG-tests-3] INFO  testCases.TC001_AccountRegistrationTest - Clicked on Register link
10:06:32.721 [TestNG-tests-3] INFO  testCases.TC001_AccountRegistrationTest - Providing Customer details
10:06:35.080 [TestNG-tests-3] INFO  testCases.TC001_AccountRegistrationTest - Validating expected message
10:06:35.135 [TestNG-tests-2] ERROR testCases.TC001_AccountRegistrationTest - Test failed: element not interactable
  (Session info: MicrosoftEdge=129.0.2792.89)
Build info: version: '4.25.0', revision: '8a8aea2337'
System info: os.name: 'Windows 11', os.arch: 'amd64', os.version: '10.0', java.version: '17.0.10'
Driver info: org.openqa.selenium.remote.RemoteWebDriver
Command: [0fc0511f67f3faf131b0bca214d783f9, clickElement {id=f.C16B9775BCCD1E0BA7C1622A4C86CD4D.d.7BAB7B924752E6B8ECD69785619F0E15.e.29}]
Capabilities {acceptInsecureCerts: false, browserName: MicrosoftEdge, browserVersion: 129.0.2792.89, fedcm:accounts: true, ms:edgeOptions: {debuggerAddress: localhost:56306}, msedge: {msedgedriverVersion: 129.0.2792.89 (65986ec8d2a8..., userDataDir: C:\Users\chait\AppData\Loca...}, networkConnectionEnabled: false, pageLoadStrategy: normal, platformName: Windows 11, proxy: Proxy(), se:bidiEnabled: false, se:cdp: ws://192.168.1.3:4444/sessi..., se:cdpVersion: 129.0.2792.89, setWindowRect: true, strictFileInteractability: false, timeouts: {implicit: 0, pageLoad: 300000, script: 30000}, unhandledPromptBehavior: dismiss and notify, webauthn:extension:credBlob: true, webauthn:extension:largeBlob: true, webauthn:extension:minPinLength: true, webauthn:extension:prf: true, webauthn:virtualAuthenticators: true}
Element: [[RemoteWebDriver: MicrosoftEdge on Windows 11 (0fc0511f67f3faf131b0bca214d783f9)] -> xpath: //a[normalize-space()='Register']]
Session ID: 0fc0511f67f3faf131b0bca214d783f9
10:06:35.143 [TestNG-tests-2] INFO  testCases.TC001_AccountRegistrationTest - ***** Finished TC001_AccountRegistrationTest *****
10:06:35.170 [TestNG-tests-3] INFO  testCases.TC001_AccountRegistrationTest - Test passed
10:06:35.170 [TestNG-tests-3] INFO  testCases.TC001_AccountRegistrationTest - ***** Finished TC001_AccountRegistrationTest *****
10:06:46.360 [TestNG-tests-1] ERROR testCases.TC001_AccountRegistrationTest - Test failed: element not interactable
  (Session info: MicrosoftEdge=129.0.2792.89)
Build info: version: '4.25.0', revision: '8a8aea2337'
System info: os.name: 'Windows 11', os.arch: 'amd64', os.version: '10.0', java.version: '17.0.10'
Driver info: org.openqa.selenium.remote.RemoteWebDriver
Command: [0fc0511f67f3faf131b0bca214d783f9, clickElement {id=f.C16B9775BCCD1E0BA7C1622A4C86CD4D.d.7BAB7B924752E6B8ECD69785619F0E15.e.29}]
Capabilities {acceptInsecureCerts: false, browserName: MicrosoftEdge, browserVersion: 129.0.2792.89, fedcm:accounts: true, ms:edgeOptions: {debuggerAddress: localhost:56306}, msedge: {msedgedriverVersion: 129.0.2792.89 (65986ec8d2a8..., userDataDir: C:\Users\chait\AppData\Loca...}, networkConnectionEnabled: false, pageLoadStrategy: normal, platformName: Windows 11, proxy: Proxy(), se:bidiEnabled: false, se:cdp: ws://192.168.1.3:4444/sessi..., se:cdpVersion: 129.0.2792.89, setWindowRect: true, strictFileInteractability: false, timeouts: {implicit: 0, pageLoad: 300000, script: 30000}, unhandledPromptBehavior: dismiss and notify, webauthn:extension:credBlob: true, webauthn:extension:largeBlob: true, webauthn:extension:minPinLength: true, webauthn:extension:prf: true, webauthn:virtualAuthenticators: true}
Element: [[RemoteWebDriver: MicrosoftEdge on Windows 11 (0fc0511f67f3faf131b0bca214d783f9)] -> xpath: //a[normalize-space()='Register']]
Session ID: 0fc0511f67f3faf131b0bca214d783f9
10:06:46.360 [TestNG-tests-1] INFO  testCases.TC001_AccountRegistrationTest - ***** Finished TC001_AccountRegistrationTest *****
10:20:11.385 [main] DEBUG org.testng.TestNG - suiteXmlPath: "C:\Users\chait\Documents\Java_WS\OpencartV121\master.xml"
10:20:11.832 [main] INFO  org.testng.internal.Utils - [TestNG] Running:
  C:\Users\chait\Documents\Java_WS\OpencartV121\master.xml

10:20:21.858 [main] INFO  testCases.TC001_AccountRegistrationTest - ***** Starting TC001_AccountRegistrationTest *****
10:20:22.227 [main] INFO  testCases.TC001_AccountRegistrationTest - Clicked on MyAccount link
10:20:22.874 [main] INFO  testCases.TC001_AccountRegistrationTest - Clicked on Register link
10:20:22.875 [main] INFO  testCases.TC001_AccountRegistrationTest - Providing Customer details
10:20:25.623 [main] INFO  testCases.TC001_AccountRegistrationTest - Validating expected message
10:20:25.680 [main] INFO  testCases.TC001_AccountRegistrationTest - Test passed
10:20:25.680 [main] INFO  testCases.TC001_AccountRegistrationTest - ***** Finished TC001_AccountRegistrationTest *****
10:20:32.268 [main] INFO  testCases.TC002_LoginTest - ***** Starting TC002_Login *****
10:20:32.268 [main] INFO  testCases.TC002_LoginTest - Navigate to Login page from Homepage
10:20:32.850 [main] INFO  testCases.TC002_LoginTest - Log into the application
10:20:34.216 [main] INFO  testCases.TC002_LoginTest - Verify MyAccount page after Login
10:20:34.297 [main] INFO  testCases.TC002_LoginTest - ***** Finished TC002_Login *****
10:21:59.453 [main] DEBUG org.testng.TestNG - suiteXmlPath: "C:\Users\chait\Documents\Java_WS\OpencartV121\crossbrowsertesting.xml"
10:21:59.886 [main] INFO  org.testng.internal.Utils - [TestNG] Running:
  C:\Users\chait\Documents\Java_WS\OpencartV121\crossbrowsertesting.xml

10:22:05.275 [TestNG-tests-1] INFO  testCases.TC001_AccountRegistrationTest - ***** Starting TC001_AccountRegistrationTest *****
10:22:05.558 [TestNG-tests-2] INFO  testCases.TC001_AccountRegistrationTest - ***** Starting TC001_AccountRegistrationTest *****
10:22:05.709 [TestNG-tests-1] INFO  testCases.TC001_AccountRegistrationTest - Clicked on MyAccount link
10:22:05.768 [TestNG-tests-2] INFO  testCases.TC001_AccountRegistrationTest - Clicked on MyAccount link
10:22:08.461 [TestNG-tests-3] INFO  testCases.TC001_AccountRegistrationTest - ***** Starting TC001_AccountRegistrationTest *****
10:22:08.846 [TestNG-tests-3] INFO  testCases.TC001_AccountRegistrationTest - Clicked on MyAccount link
10:22:09.391 [TestNG-tests-3] INFO  testCases.TC001_AccountRegistrationTest - Clicked on Register link
10:22:09.405 [TestNG-tests-3] INFO  testCases.TC001_AccountRegistrationTest - Providing Customer details
10:22:11.073 [TestNG-tests-3] INFO  testCases.TC001_AccountRegistrationTest - Validating expected message
10:22:11.166 [TestNG-tests-3] INFO  testCases.TC001_AccountRegistrationTest - Test passed
10:22:11.166 [TestNG-tests-3] INFO  testCases.TC001_AccountRegistrationTest - ***** Finished TC001_AccountRegistrationTest *****
10:22:15.861 [TestNG-tests-1] ERROR testCases.TC001_AccountRegistrationTest - Test failed: element not interactable
  (Session info: MicrosoftEdge=129.0.2792.89)
Build info: version: '4.25.0', revision: '8a8aea2337'
System info: os.name: 'Windows 11', os.arch: 'amd64', os.version: '10.0', java.version: '17.0.10'
Driver info: org.openqa.selenium.remote.RemoteWebDriver
Command: [658dd51054f0a3eba7b36bff08ae85ef, clickElement {id=f.5DEB5B8F2E5AB00AC3A99E2ADC200207.d.F4EA9F1632114F5577C6E2505FDFA4EA.e.32}]
Capabilities {acceptInsecureCerts: false, browserName: MicrosoftEdge, browserVersion: 129.0.2792.89, fedcm:accounts: true, ms:edgeOptions: {debuggerAddress: localhost:53288}, msedge: {msedgedriverVersion: 129.0.2792.89 (65986ec8d2a8..., userDataDir: C:\Users\chait\AppData\Loca...}, networkConnectionEnabled: false, pageLoadStrategy: normal, platformName: Windows 11, proxy: Proxy(), se:bidiEnabled: false, se:cdp: ws://192.168.1.3:4444/sessi..., se:cdpVersion: 129.0.2792.89, setWindowRect: true, strictFileInteractability: false, timeouts: {implicit: 0, pageLoad: 300000, script: 30000}, unhandledPromptBehavior: dismiss and notify, webauthn:extension:credBlob: true, webauthn:extension:largeBlob: true, webauthn:extension:minPinLength: true, webauthn:extension:prf: true, webauthn:virtualAuthenticators: true}
Element: [[RemoteWebDriver: MicrosoftEdge on Windows 11 (658dd51054f0a3eba7b36bff08ae85ef)] -> xpath: //a[normalize-space()='Register']]
Session ID: 658dd51054f0a3eba7b36bff08ae85ef
10:22:15.861 [TestNG-tests-1] INFO  testCases.TC001_AccountRegistrationTest - ***** Finished TC001_AccountRegistrationTest *****
10:22:26.379 [TestNG-tests-2] ERROR testCases.TC001_AccountRegistrationTest - Test failed: element not interactable
  (Session info: MicrosoftEdge=129.0.2792.89)
Build info: version: '4.25.0', revision: '8a8aea2337'
System info: os.name: 'Windows 11', os.arch: 'amd64', os.version: '10.0', java.version: '17.0.10'
Driver info: org.openqa.selenium.remote.RemoteWebDriver
Command: [658dd51054f0a3eba7b36bff08ae85ef, clickElement {id=f.5DEB5B8F2E5AB00AC3A99E2ADC200207.d.F4EA9F1632114F5577C6E2505FDFA4EA.e.32}]
Capabilities {acceptInsecureCerts: false, browserName: MicrosoftEdge, browserVersion: 129.0.2792.89, fedcm:accounts: true, ms:edgeOptions: {debuggerAddress: localhost:53288}, msedge: {msedgedriverVersion: 129.0.2792.89 (65986ec8d2a8..., userDataDir: C:\Users\chait\AppData\Loca...}, networkConnectionEnabled: false, pageLoadStrategy: normal, platformName: Windows 11, proxy: Proxy(), se:bidiEnabled: false, se:cdp: ws://192.168.1.3:4444/sessi..., se:cdpVersion: 129.0.2792.89, setWindowRect: true, strictFileInteractability: false, timeouts: {implicit: 0, pageLoad: 300000, script: 30000}, unhandledPromptBehavior: dismiss and notify, webauthn:extension:credBlob: true, webauthn:extension:largeBlob: true, webauthn:extension:minPinLength: true, webauthn:extension:prf: true, webauthn:virtualAuthenticators: true}
Element: [[RemoteWebDriver: MicrosoftEdge on Windows 11 (658dd51054f0a3eba7b36bff08ae85ef)] -> xpath: //a[normalize-space()='Register']]
Session ID: 658dd51054f0a3eba7b36bff08ae85ef
10:22:26.379 [TestNG-tests-2] INFO  testCases.TC001_AccountRegistrationTest - ***** Finished TC001_AccountRegistrationTest *****
10:45:39.944 [main] DEBUG org.testng.TestNG - suiteXmlPath: "C:\Users\chait\Documents\Java_WS\OpencartV121\crossbrowsertesting.xml"
10:45:40.357 [main] INFO  org.testng.internal.Utils - [TestNG] Running:
  C:\Users\chait\Documents\Java_WS\OpencartV121\crossbrowsertesting.xml

10:45:45.868 [TestNG-tests-2] INFO  testCases.TC001_AccountRegistrationTest - ***** Starting TC001_AccountRegistrationTest *****
10:45:46.080 [TestNG-tests-1] INFO  testCases.TC001_AccountRegistrationTest - ***** Starting TC001_AccountRegistrationTest *****
10:45:46.275 [TestNG-tests-2] INFO  testCases.TC001_AccountRegistrationTest - Clicked on MyAccount link
10:45:46.361 [TestNG-tests-1] INFO  testCases.TC001_AccountRegistrationTest - Clicked on MyAccount link
10:45:50.366 [TestNG-tests-3] INFO  testCases.TC001_AccountRegistrationTest - ***** Starting TC001_AccountRegistrationTest *****
10:45:50.749 [TestNG-tests-3] INFO  testCases.TC001_AccountRegistrationTest - Clicked on MyAccount link
10:45:51.156 [TestNG-tests-3] INFO  testCases.TC001_AccountRegistrationTest - Clicked on Register link
10:45:51.176 [TestNG-tests-3] INFO  testCases.TC001_AccountRegistrationTest - Providing Customer details
10:45:52.686 [TestNG-tests-3] INFO  testCases.TC001_AccountRegistrationTest - Validating expected message
10:45:53.151 [TestNG-tests-3] INFO  testCases.TC001_AccountRegistrationTest - Test passed
10:45:53.151 [TestNG-tests-3] INFO  testCases.TC001_AccountRegistrationTest - ***** Finished TC001_AccountRegistrationTest *****
10:45:56.786 [TestNG-tests-2] ERROR testCases.TC001_AccountRegistrationTest - Test failed: element not interactable
  (Session info: MicrosoftEdge=129.0.2792.89)
Build info: version: '4.25.0', revision: '8a8aea2337'
System info: os.name: 'Windows 11', os.arch: 'amd64', os.version: '10.0', java.version: '17.0.10'
Driver info: org.openqa.selenium.edge.EdgeDriver
Command: [14987c86cc97a123e83a7477a5c51198, clickElement {id=f.2929CD1420FC397B14DFC2ED6E049C03.d.036DC22D7FBF65295526273EA60C31D9.e.20}]
Capabilities {acceptInsecureCerts: false, browserName: MicrosoftEdge, browserVersion: 129.0.2792.89, fedcm:accounts: true, ms:edgeOptions: {debuggerAddress: localhost:53472}, msedge: {msedgedriverVersion: 129.0.2792.89 (65986ec8d2a8..., userDataDir: C:\Users\chait\AppData\Loca...}, networkConnectionEnabled: false, pageLoadStrategy: normal, platformName: windows, proxy: Proxy(), se:cdp: ws://localhost:53472/devtoo..., se:cdpVersion: 129.0.2792.89, setWindowRect: true, strictFileInteractability: false, timeouts: {implicit: 0, pageLoad: 300000, script: 30000}, unhandledPromptBehavior: dismiss and notify, webauthn:extension:credBlob: true, webauthn:extension:largeBlob: true, webauthn:extension:minPinLength: true, webauthn:extension:prf: true, webauthn:virtualAuthenticators: true}
Element: [[EdgeDriver: MicrosoftEdge on windows (14987c86cc97a123e83a7477a5c51198)] -> xpath: //a[normalize-space()='Register']]
Session ID: 14987c86cc97a123e83a7477a5c51198
10:45:56.786 [TestNG-tests-2] INFO  testCases.TC001_AccountRegistrationTest - ***** Finished TC001_AccountRegistrationTest *****
10:46:06.907 [TestNG-tests-1] ERROR testCases.TC001_AccountRegistrationTest - Test failed: element not interactable
  (Session info: MicrosoftEdge=129.0.2792.89)
Build info: version: '4.25.0', revision: '8a8aea2337'
System info: os.name: 'Windows 11', os.arch: 'amd64', os.version: '10.0', java.version: '17.0.10'
Driver info: org.openqa.selenium.edge.EdgeDriver
Command: [14987c86cc97a123e83a7477a5c51198, clickElement {id=f.2929CD1420FC397B14DFC2ED6E049C03.d.036DC22D7FBF65295526273EA60C31D9.e.20}]
Capabilities {acceptInsecureCerts: false, browserName: MicrosoftEdge, browserVersion: 129.0.2792.89, fedcm:accounts: true, ms:edgeOptions: {debuggerAddress: localhost:53472}, msedge: {msedgedriverVersion: 129.0.2792.89 (65986ec8d2a8..., userDataDir: C:\Users\chait\AppData\Loca...}, networkConnectionEnabled: false, pageLoadStrategy: normal, platformName: windows, proxy: Proxy(), se:cdp: ws://localhost:53472/devtoo..., se:cdpVersion: 129.0.2792.89, setWindowRect: true, strictFileInteractability: false, timeouts: {implicit: 0, pageLoad: 300000, script: 30000}, unhandledPromptBehavior: dismiss and notify, webauthn:extension:credBlob: true, webauthn:extension:largeBlob: true, webauthn:extension:minPinLength: true, webauthn:extension:prf: true, webauthn:virtualAuthenticators: true}
Element: [[EdgeDriver: MicrosoftEdge on windows (14987c86cc97a123e83a7477a5c51198)] -> xpath: //a[normalize-space()='Register']]
Session ID: 14987c86cc97a123e83a7477a5c51198
10:46:06.907 [TestNG-tests-1] INFO  testCases.TC001_AccountRegistrationTest - ***** Finished TC001_AccountRegistrationTest *****
17:54:19.918 [main] DEBUG org.testng.TestNG - suiteXmlPath: "C:\Users\chait\Documents\Java_WS\OpencartV121\grid-docker.xml"
17:54:20.502 [main] INFO  org.testng.internal.Utils - [TestNG] Running:
  C:\Users\chait\Documents\Java_WS\OpencartV121\grid-docker.xml

17:54:26.877 [main] INFO  testCases.TC001_AccountRegistrationTest - ***** Starting TC001_AccountRegistrationTest *****
17:54:27.031 [main] INFO  testCases.TC001_AccountRegistrationTest - Clicked on MyAccount link
17:54:27.531 [main] INFO  testCases.TC001_AccountRegistrationTest - Clicked on Register link
17:54:27.547 [main] INFO  testCases.TC001_AccountRegistrationTest - Providing Customer details
17:54:29.885 [main] INFO  testCases.TC001_AccountRegistrationTest - Validating expected message
17:54:30.518 [main] INFO  testCases.TC001_AccountRegistrationTest - Test passed
17:54:30.518 [main] INFO  testCases.TC001_AccountRegistrationTest - ***** Finished TC001_AccountRegistrationTest *****
17:54:34.475 [main] INFO  testCases.TC002_LoginTest - ***** Starting TC002_Login *****
17:54:34.475 [main] INFO  testCases.TC002_LoginTest - Navigate to Login page from Homepage
17:54:34.820 [main] INFO  testCases.TC002_LoginTest - Log into the application
17:54:35.837 [main] INFO  testCases.TC002_LoginTest - Verify MyAccount page after Login
17:54:35.906 [main] INFO  testCases.TC002_LoginTest - ***** Finished TC002_Login *****
17:55:21.457 [main] DEBUG org.testng.TestNG - suiteXmlPath: "C:\Users\chait\Documents\Java_WS\OpencartV121\grid-docker.xml"
17:55:21.972 [main] INFO  org.testng.internal.Utils - [TestNG] Running:
  C:\Users\chait\Documents\Java_WS\OpencartV121\grid-docker.xml

17:55:25.384 [main] INFO  testCases.TC001_AccountRegistrationTest - ***** Starting TC001_AccountRegistrationTest *****
17:55:25.914 [main] INFO  testCases.TC001_AccountRegistrationTest - Clicked on MyAccount link
17:55:26.390 [main] INFO  testCases.TC001_AccountRegistrationTest - Clicked on Register link
17:55:26.392 [main] INFO  testCases.TC001_AccountRegistrationTest - Providing Customer details
17:55:28.536 [main] INFO  testCases.TC001_AccountRegistrationTest - Validating expected message
17:55:28.614 [main] INFO  testCases.TC001_AccountRegistrationTest - Test passed
17:55:28.614 [main] INFO  testCases.TC001_AccountRegistrationTest - ***** Finished TC001_AccountRegistrationTest *****
17:55:32.265 [main] INFO  testCases.TC002_LoginTest - ***** Starting TC002_Login *****
17:55:32.269 [main] INFO  testCases.TC002_LoginTest - Navigate to Login page from Homepage
17:55:32.661 [main] INFO  testCases.TC002_LoginTest - Log into the application
17:55:33.582 [main] INFO  testCases.TC002_LoginTest - Verify MyAccount page after Login
17:55:33.651 [main] INFO  testCases.TC002_LoginTest - ***** Finished TC002_Login *****
17:56:19.554 [main] DEBUG org.testng.TestNG - suiteXmlPath: "C:\Users\chait\Documents\Java_WS\OpencartV121\grid-docker.xml"
17:56:20.087 [main] INFO  org.testng.internal.Utils - [TestNG] Running:
  C:\Users\chait\Documents\Java_WS\OpencartV121\grid-docker.xml

17:56:28.625 [main] INFO  testCases.TC001_AccountRegistrationTest - ***** Starting TC001_AccountRegistrationTest *****
17:56:28.952 [main] INFO  testCases.TC001_AccountRegistrationTest - Clicked on MyAccount link
17:56:29.448 [main] INFO  testCases.TC001_AccountRegistrationTest - Clicked on Register link
17:56:29.455 [main] INFO  testCases.TC001_AccountRegistrationTest - Providing Customer details
17:56:31.054 [main] INFO  testCases.TC001_AccountRegistrationTest - Validating expected message
17:56:31.149 [main] INFO  testCases.TC001_AccountRegistrationTest - Test passed
17:56:31.149 [main] INFO  testCases.TC001_AccountRegistrationTest - ***** Finished TC001_AccountRegistrationTest *****
17:56:39.214 [main] INFO  testCases.TC002_LoginTest - ***** Starting TC002_Login *****
17:56:39.214 [main] INFO  testCases.TC002_LoginTest - Navigate to Login page from Homepage
17:56:39.918 [main] INFO  testCases.TC002_LoginTest - Log into the application
17:56:40.776 [main] INFO  testCases.TC002_LoginTest - Verify MyAccount page after Login
17:56:40.826 [main] INFO  testCases.TC002_LoginTest - ***** Finished TC002_Login *****
17:57:12.844 [main] DEBUG org.testng.TestNG - suiteXmlPath: "C:\Users\chait\Documents\Java_WS\OpencartV121\grid-docker.xml"
17:57:13.329 [main] INFO  org.testng.internal.Utils - [TestNG] Running:
  C:\Users\chait\Documents\Java_WS\OpencartV121\grid-docker.xml

17:57:17.705 [main] INFO  testCases.TC001_AccountRegistrationTest - ***** Starting TC001_AccountRegistrationTest *****
17:57:17.842 [main] INFO  testCases.TC001_AccountRegistrationTest - Clicked on MyAccount link
17:57:18.198 [main] INFO  testCases.TC001_AccountRegistrationTest - Clicked on Register link
17:57:18.205 [main] INFO  testCases.TC001_AccountRegistrationTest - Providing Customer details
17:57:20.114 [main] INFO  testCases.TC001_AccountRegistrationTest - Validating expected message
17:57:20.174 [main] INFO  testCases.TC001_AccountRegistrationTest - Test passed
17:57:20.174 [main] INFO  testCases.TC001_AccountRegistrationTest - ***** Finished TC001_AccountRegistrationTest *****
17:57:23.137 [main] INFO  testCases.TC002_LoginTest - ***** Starting TC002_Login *****
17:57:23.137 [main] INFO  testCases.TC002_LoginTest - Navigate to Login page from Homepage
17:57:23.484 [main] INFO  testCases.TC002_LoginTest - Log into the application
17:57:24.474 [main] INFO  testCases.TC002_LoginTest - Verify MyAccount page after Login
17:57:24.526 [main] INFO  testCases.TC002_LoginTest - ***** Finished TC002_Login *****
17:57:31.904 [main] INFO  testCases.TC001_AccountRegistrationTest - ***** Starting TC001_AccountRegistrationTest *****
17:57:32.191 [main] INFO  testCases.TC001_AccountRegistrationTest - Clicked on MyAccount link
17:57:32.824 [main] INFO  testCases.TC001_AccountRegistrationTest - Clicked on Register link
17:57:32.824 [main] INFO  testCases.TC001_AccountRegistrationTest - Providing Customer details
17:57:34.125 [main] INFO  testCases.TC001_AccountRegistrationTest - Validating expected message
17:57:34.177 [main] INFO  testCases.TC001_AccountRegistrationTest - Test passed
17:57:34.177 [main] INFO  testCases.TC001_AccountRegistrationTest - ***** Finished TC001_AccountRegistrationTest *****
17:57:42.859 [main] INFO  testCases.TC002_LoginTest - ***** Starting TC002_Login *****
17:57:42.859 [main] INFO  testCases.TC002_LoginTest - Navigate to Login page from Homepage
17:57:43.464 [main] INFO  testCases.TC002_LoginTest - Log into the application
17:57:44.186 [main] INFO  testCases.TC002_LoginTest - Verify MyAccount page after Login
17:57:44.235 [main] INFO  testCases.TC002_LoginTest - ***** Finished TC002_Login *****
21:48:02.637 [main] DEBUG org.testng.TestNG - suiteXmlPath: "C:\Users\chait\Documents\Java_WS\OpencartV121\grid-docker.xml"
21:48:03.240 [main] INFO  org.testng.internal.Utils - [TestNG] Running:
  C:\Users\chait\Documents\Java_WS\OpencartV121\grid-docker.xml

21:48:07.672 [main] INFO  testCases.TC001_AccountRegistrationTest - ***** Starting TC001_AccountRegistrationTest *****
21:48:07.806 [main] INFO  testCases.TC001_AccountRegistrationTest - Clicked on MyAccount link
21:48:08.131 [main] INFO  testCases.TC001_AccountRegistrationTest - Clicked on Register link
21:48:08.134 [main] INFO  testCases.TC001_AccountRegistrationTest - Providing Customer details
21:48:09.972 [main] INFO  testCases.TC001_AccountRegistrationTest - Validating expected message
21:48:10.055 [main] INFO  testCases.TC001_AccountRegistrationTest - Test passed
21:48:10.055 [main] INFO  testCases.TC001_AccountRegistrationTest - ***** Finished TC001_AccountRegistrationTest *****
21:48:13.465 [main] INFO  testCases.TC002_LoginTest - ***** Starting TC002_Login *****
21:48:13.465 [main] INFO  testCases.TC002_LoginTest - Navigate to Login page from Homepage
21:48:13.783 [main] INFO  testCases.TC002_LoginTest - Log into the application
21:48:14.779 [main] INFO  testCases.TC002_LoginTest - Verify MyAccount page after Login
21:48:14.833 [main] INFO  testCases.TC002_LoginTest - ***** Finished TC002_Login *****
21:48:23.312 [main] INFO  testCases.TC001_AccountRegistrationTest - ***** Starting TC001_AccountRegistrationTest *****
21:48:23.605 [main] INFO  testCases.TC001_AccountRegistrationTest - Clicked on MyAccount link
21:48:23.973 [main] INFO  testCases.TC001_AccountRegistrationTest - Clicked on Register link
21:48:23.973 [main] INFO  testCases.TC001_AccountRegistrationTest - Providing Customer details
21:48:25.240 [main] INFO  testCases.TC001_AccountRegistrationTest - Validating expected message
21:48:25.290 [main] INFO  testCases.TC001_AccountRegistrationTest - Test passed
21:48:25.290 [main] INFO  testCases.TC001_AccountRegistrationTest - ***** Finished TC001_AccountRegistrationTest *****
21:48:33.013 [main] INFO  testCases.TC002_LoginTest - ***** Starting TC002_Login *****
21:48:33.013 [main] INFO  testCases.TC002_LoginTest - Navigate to Login page from Homepage
21:48:33.630 [main] INFO  testCases.TC002_LoginTest - Log into the application
21:48:34.362 [main] INFO  testCases.TC002_LoginTest - Verify MyAccount page after Login
21:48:34.393 [main] INFO  testCases.TC002_LoginTest - ***** Finished TC002_Login *****
21:58:08.091 [main] DEBUG org.testng.TestNG - suiteXmlPath: "C:\Users\chait\Documents\Java_WS\OpencartV121\grid-docker.xml"
21:58:08.961 [main] INFO  org.testng.internal.Utils - [TestNG] Running:
  C:\Users\chait\Documents\Java_WS\OpencartV121\grid-docker.xml

21:58:13.655 [main] INFO  testCases.TC001_AccountRegistrationTest - ***** Starting TC001_AccountRegistrationTest *****
21:58:13.806 [main] INFO  testCases.TC001_AccountRegistrationTest - Clicked on MyAccount link
21:58:14.103 [main] INFO  testCases.TC001_AccountRegistrationTest - Clicked on Register link
21:58:14.118 [main] INFO  testCases.TC001_AccountRegistrationTest - Providing Customer details
21:58:15.439 [main] INFO  testCases.TC001_AccountRegistrationTest - Validating expected message
21:58:15.534 [main] INFO  testCases.TC001_AccountRegistrationTest - Test passed
21:58:15.534 [main] INFO  testCases.TC001_AccountRegistrationTest - ***** Finished TC001_AccountRegistrationTest *****
21:58:18.774 [main] INFO  testCases.TC002_LoginTest - ***** Starting TC002_Login *****
21:58:18.774 [main] INFO  testCases.TC002_LoginTest - Navigate to Login page from Homepage
21:58:19.136 [main] INFO  testCases.TC002_LoginTest - Log into the application
21:58:20.136 [main] INFO  testCases.TC002_LoginTest - Verify MyAccount page after Login
21:58:20.217 [main] INFO  testCases.TC002_LoginTest - ***** Finished TC002_Login *****
21:58:30.124 [main] INFO  testCases.TC001_AccountRegistrationTest - ***** Starting TC001_AccountRegistrationTest *****
21:58:30.419 [main] INFO  testCases.TC001_AccountRegistrationTest - Clicked on MyAccount link
21:58:30.888 [main] INFO  testCases.TC001_AccountRegistrationTest - Clicked on Register link
21:58:30.888 [main] INFO  testCases.TC001_AccountRegistrationTest - Providing Customer details
21:58:32.438 [main] INFO  testCases.TC001_AccountRegistrationTest - Validating expected message
21:58:32.499 [main] INFO  testCases.TC001_AccountRegistrationTest - Test passed
21:58:32.499 [main] INFO  testCases.TC001_AccountRegistrationTest - ***** Finished TC001_AccountRegistrationTest *****
21:58:40.666 [main] INFO  testCases.TC002_LoginTest - ***** Starting TC002_Login *****
21:58:40.666 [main] INFO  testCases.TC002_LoginTest - Navigate to Login page from Homepage
21:58:41.438 [main] INFO  testCases.TC002_LoginTest - Log into the application
21:58:42.593 [main] INFO  testCases.TC002_LoginTest - Verify MyAccount page after Login
21:58:42.632 [main] INFO  testCases.TC002_LoginTest - ***** Finished TC002_Login *****
22:01:08.284 [main] DEBUG org.testng.TestNG - suiteXmlPath: "C:\Users\chait\Documents\Java_WS\OpencartV121\grid-docker.xml"
22:01:09.046 [main] INFO  org.testng.internal.Utils - [TestNG] Running:
  C:\Users\chait\Documents\Java_WS\OpencartV121\grid-docker.xml

22:01:14.252 [main] INFO  testCases.TC001_AccountRegistrationTest - ***** Starting TC001_AccountRegistrationTest *****
22:01:14.538 [main] INFO  testCases.TC001_AccountRegistrationTest - Clicked on MyAccount link
22:01:14.986 [main] INFO  testCases.TC001_AccountRegistrationTest - Clicked on Register link
22:01:14.990 [main] INFO  testCases.TC001_AccountRegistrationTest - Providing Customer details
22:01:16.904 [main] INFO  testCases.TC001_AccountRegistrationTest - Validating expected message
22:01:17.037 [main] INFO  testCases.TC001_AccountRegistrationTest - Test passed
22:01:17.037 [main] INFO  testCases.TC001_AccountRegistrationTest - ***** Finished TC001_AccountRegistrationTest *****
22:01:21.100 [main] INFO  testCases.TC002_LoginTest - ***** Starting TC002_Login *****
22:01:21.100 [main] INFO  testCases.TC002_LoginTest - Navigate to Login page from Homepage
22:01:21.499 [main] INFO  testCases.TC002_LoginTest - Log into the application
22:01:22.532 [main] INFO  testCases.TC002_LoginTest - Verify MyAccount page after Login
22:01:22.630 [main] INFO  testCases.TC002_LoginTest - ***** Finished TC002_Login *****
22:01:32.157 [main] INFO  testCases.TC001_AccountRegistrationTest - ***** Starting TC001_AccountRegistrationTest *****
22:01:32.437 [main] INFO  testCases.TC001_AccountRegistrationTest - Clicked on MyAccount link
22:01:32.781 [main] INFO  testCases.TC001_AccountRegistrationTest - Clicked on Register link
22:01:32.788 [main] INFO  testCases.TC001_AccountRegistrationTest - Providing Customer details
22:01:34.116 [main] INFO  testCases.TC001_AccountRegistrationTest - Validating expected message
22:01:34.173 [main] INFO  testCases.TC001_AccountRegistrationTest - Test passed
22:01:34.173 [main] INFO  testCases.TC001_AccountRegistrationTest - ***** Finished TC001_AccountRegistrationTest *****
22:01:41.164 [main] INFO  testCases.TC002_LoginTest - ***** Starting TC002_Login *****
22:01:41.164 [main] INFO  testCases.TC002_LoginTest - Navigate to Login page from Homepage
22:01:41.750 [main] INFO  testCases.TC002_LoginTest - Log into the application
22:01:42.685 [main] INFO  testCases.TC002_LoginTest - Verify MyAccount page after Login
22:01:42.737 [main] INFO  testCases.TC002_LoginTest - ***** Finished TC002_Login *****
22:06:40.065 [main] DEBUG org.testng.TestNG - suiteXmlPath: "C:\Users\chait\Documents\Java_WS\OpencartV121\grid-docker.xml"
22:06:40.608 [main] INFO  org.testng.internal.Utils - [TestNG] Running:
  C:\Users\chait\Documents\Java_WS\OpencartV121\grid-docker.xml

22:06:44.553 [main] INFO  testCases.TC001_AccountRegistrationTest - ***** Starting TC001_AccountRegistrationTest *****
22:06:44.702 [main] INFO  testCases.TC001_AccountRegistrationTest - Clicked on MyAccount link
22:06:45.081 [main] INFO  testCases.TC001_AccountRegistrationTest - Clicked on Register link
22:06:45.085 [main] INFO  testCases.TC001_AccountRegistrationTest - Providing Customer details
22:06:46.912 [main] INFO  testCases.TC001_AccountRegistrationTest - Validating expected message
22:06:46.996 [main] INFO  testCases.TC001_AccountRegistrationTest - Test passed
22:06:46.996 [main] INFO  testCases.TC001_AccountRegistrationTest - ***** Finished TC001_AccountRegistrationTest *****
22:06:50.061 [main] INFO  testCases.TC002_LoginTest - ***** Starting TC002_Login *****
22:06:50.062 [main] INFO  testCases.TC002_LoginTest - Navigate to Login page from Homepage
22:06:50.420 [main] INFO  testCases.TC002_LoginTest - Log into the application
22:06:51.343 [main] INFO  testCases.TC002_LoginTest - Verify MyAccount page after Login
22:06:51.410 [main] INFO  testCases.TC002_LoginTest - ***** Finished TC002_Login *****
22:07:01.691 [main] INFO  testCases.TC001_AccountRegistrationTest - ***** Starting TC001_AccountRegistrationTest *****
22:07:01.986 [main] INFO  testCases.TC001_AccountRegistrationTest - Clicked on MyAccount link
22:07:02.392 [main] INFO  testCases.TC001_AccountRegistrationTest - Clicked on Register link
22:07:02.392 [main] INFO  testCases.TC001_AccountRegistrationTest - Providing Customer details
22:07:03.587 [main] INFO  testCases.TC001_AccountRegistrationTest - Validating expected message
22:07:03.667 [main] INFO  testCases.TC001_AccountRegistrationTest - Test passed
22:07:03.667 [main] INFO  testCases.TC001_AccountRegistrationTest - ***** Finished TC001_AccountRegistrationTest *****
22:07:11.698 [main] INFO  testCases.TC002_LoginTest - ***** Starting TC002_Login *****
22:07:11.698 [main] INFO  testCases.TC002_LoginTest - Navigate to Login page from Homepage
22:07:12.539 [main] INFO  testCases.TC002_LoginTest - Log into the application
22:07:13.384 [main] INFO  testCases.TC002_LoginTest - Verify MyAccount page after Login
22:07:13.426 [main] INFO  testCases.TC002_LoginTest - ***** Finished TC002_Login *****
22:09:07.761 [main] DEBUG org.testng.TestNG - suiteXmlPath: "C:\Users\chait\Documents\Java_WS\OpencartV121\grid-docker.xml"
22:09:08.327 [main] INFO  org.testng.internal.Utils - [TestNG] Running:
  C:\Users\chait\Documents\Java_WS\OpencartV121\grid-docker.xml

22:09:12.284 [main] INFO  testCases.TC001_AccountRegistrationTest - ***** Starting TC001_AccountRegistrationTest *****
22:09:12.430 [main] INFO  testCases.TC001_AccountRegistrationTest - Clicked on MyAccount link
22:09:12.895 [main] INFO  testCases.TC001_AccountRegistrationTest - Clicked on Register link
22:09:12.896 [main] INFO  testCases.TC001_AccountRegistrationTest - Providing Customer details
22:09:14.692 [main] INFO  testCases.TC001_AccountRegistrationTest - Validating expected message
22:09:14.772 [main] INFO  testCases.TC001_AccountRegistrationTest - Test passed
22:09:14.772 [main] INFO  testCases.TC001_AccountRegistrationTest - ***** Finished TC001_AccountRegistrationTest *****
22:09:17.624 [main] INFO  testCases.TC002_LoginTest - ***** Starting TC002_Login *****
22:09:17.624 [main] INFO  testCases.TC002_LoginTest - Navigate to Login page from Homepage
22:09:17.999 [main] INFO  testCases.TC002_LoginTest - Log into the application
22:09:18.881 [main] INFO  testCases.TC002_LoginTest - Verify MyAccount page after Login
22:09:18.971 [main] INFO  testCases.TC002_LoginTest - ***** Finished TC002_Login *****
22:09:28.215 [main] INFO  testCases.TC001_AccountRegistrationTest - ***** Starting TC001_AccountRegistrationTest *****
22:09:28.533 [main] INFO  testCases.TC001_AccountRegistrationTest - Clicked on MyAccount link
22:09:28.970 [main] INFO  testCases.TC001_AccountRegistrationTest - Clicked on Register link
22:09:28.970 [main] INFO  testCases.TC001_AccountRegistrationTest - Providing Customer details
22:09:30.439 [main] INFO  testCases.TC001_AccountRegistrationTest - Validating expected message
22:09:30.518 [main] INFO  testCases.TC001_AccountRegistrationTest - Test passed
22:09:30.518 [main] INFO  testCases.TC001_AccountRegistrationTest - ***** Finished TC001_AccountRegistrationTest *****
22:09:38.021 [main] INFO  testCases.TC002_LoginTest - ***** Starting TC002_Login *****
22:09:38.021 [main] INFO  testCases.TC002_LoginTest - Navigate to Login page from Homepage
22:09:38.693 [main] INFO  testCases.TC002_LoginTest - Log into the application
22:09:39.579 [main] INFO  testCases.TC002_LoginTest - Verify MyAccount page after Login
22:09:39.623 [main] INFO  testCases.TC002_LoginTest - ***** Finished TC002_Login *****
23:46:11.077 [main] DEBUG org.testng.TestNG - suiteXmlPath: "C:\Users\chait\Documents\Java_WS\OpencartV121\docker-compose.yaml"
23:46:59.738 [main] DEBUG org.testng.TestNG - suiteXmlPath: "C:\Users\chait\Documents\Java_WS\OpencartV121\grid-docker.xml"
23:47:00.118 [main] INFO  org.testng.internal.Utils - [TestNG] Running:
  C:\Users\chait\Documents\Java_WS\OpencartV121\grid-docker.xml

23:47:03.486 [main] INFO  testCases.TC001_AccountRegistrationTest - ***** Starting TC001_AccountRegistrationTest *****
23:47:03.591 [main] INFO  testCases.TC001_AccountRegistrationTest - Clicked on MyAccount link
23:47:03.893 [main] INFO  testCases.TC001_AccountRegistrationTest - Clicked on Register link
23:47:03.896 [main] INFO  testCases.TC001_AccountRegistrationTest - Providing Customer details
23:47:05.105 [main] INFO  testCases.TC001_AccountRegistrationTest - Validating expected message
23:47:05.138 [main] INFO  testCases.TC001_AccountRegistrationTest - Test passed
23:47:05.138 [main] INFO  testCases.TC001_AccountRegistrationTest - ***** Finished TC001_AccountRegistrationTest *****
23:47:07.510 [main] INFO  testCases.TC002_LoginTest - ***** Starting TC002_Login *****
23:47:07.511 [main] INFO  testCases.TC002_LoginTest - Navigate to Login page from Homepage
23:47:07.794 [main] INFO  testCases.TC002_LoginTest - Log into the application
23:47:08.492 [main] INFO  testCases.TC002_LoginTest - Verify MyAccount page after Login
23:47:08.549 [main] INFO  testCases.TC002_LoginTest - ***** Finished TC002_Login *****
23:47:14.130 [main] INFO  testCases.TC001_AccountRegistrationTest - ***** Starting TC001_AccountRegistrationTest *****
23:47:14.407 [main] INFO  testCases.TC001_AccountRegistrationTest - Clicked on MyAccount link
23:47:14.694 [main] INFO  testCases.TC001_AccountRegistrationTest - Clicked on Register link
23:47:14.695 [main] INFO  testCases.TC001_AccountRegistrationTest - Providing Customer details
23:47:15.642 [main] INFO  testCases.TC001_AccountRegistrationTest - Validating expected message
23:47:15.672 [main] INFO  testCases.TC001_AccountRegistrationTest - Test passed
23:47:15.672 [main] INFO  testCases.TC001_AccountRegistrationTest - ***** Finished TC001_AccountRegistrationTest *****
23:47:19.980 [main] INFO  testCases.TC002_LoginTest - ***** Starting TC002_Login *****
23:47:19.980 [main] INFO  testCases.TC002_LoginTest - Navigate to Login page from Homepage
23:47:20.460 [main] INFO  testCases.TC002_LoginTest - Log into the application
23:47:21.143 [main] INFO  testCases.TC002_LoginTest - Verify MyAccount page after Login
23:47:21.161 [main] INFO  testCases.TC002_LoginTest - ***** Finished TC002_Login *****
23:48:13.111 [main] DEBUG org.testng.TestNG - suiteXmlPath: "C:\Users\chait\Documents\Java_WS\OpencartV121\grid-docker.xml"
23:48:13.394 [main] INFO  org.testng.internal.Utils - [TestNG] Running:
  C:\Users\chait\Documents\Java_WS\OpencartV121\grid-docker.xml

23:48:16.184 [main] INFO  testCases.TC001_AccountRegistrationTest - ***** Starting TC001_AccountRegistrationTest *****
23:48:16.269 [main] INFO  testCases.TC001_AccountRegistrationTest - Clicked on MyAccount link
23:48:16.539 [main] INFO  testCases.TC001_AccountRegistrationTest - Clicked on Register link
23:48:16.541 [main] INFO  testCases.TC001_AccountRegistrationTest - Providing Customer details
23:48:17.374 [main] INFO  testCases.TC001_AccountRegistrationTest - Validating expected message
23:48:17.401 [main] INFO  testCases.TC001_AccountRegistrationTest - Test passed
23:48:17.401 [main] INFO  testCases.TC001_AccountRegistrationTest - ***** Finished TC001_AccountRegistrationTest *****
23:48:19.629 [main] INFO  testCases.TC002_LoginTest - ***** Starting TC002_Login *****
23:48:19.629 [main] INFO  testCases.TC002_LoginTest - Navigate to Login page from Homepage
23:48:19.901 [main] INFO  testCases.TC002_LoginTest - Log into the application
23:48:20.485 [main] INFO  testCases.TC002_LoginTest - Verify MyAccount page after Login
23:48:20.524 [main] INFO  testCases.TC002_LoginTest - ***** Finished TC002_Login *****
23:48:26.533 [main] INFO  testCases.TC001_AccountRegistrationTest - ***** Starting TC001_AccountRegistrationTest *****
23:48:26.821 [main] INFO  testCases.TC001_AccountRegistrationTest - Clicked on MyAccount link
23:48:27.175 [main] INFO  testCases.TC001_AccountRegistrationTest - Clicked on Register link
23:48:27.175 [main] INFO  testCases.TC001_AccountRegistrationTest - Providing Customer details
23:48:28.088 [main] INFO  testCases.TC001_AccountRegistrationTest - Validating expected message
23:48:28.116 [main] INFO  testCases.TC001_AccountRegistrationTest - Test passed
23:48:28.117 [main] INFO  testCases.TC001_AccountRegistrationTest - ***** Finished TC001_AccountRegistrationTest *****
23:48:33.154 [main] INFO  testCases.TC002_LoginTest - ***** Starting TC002_Login *****
23:48:33.154 [main] INFO  testCases.TC002_LoginTest - Navigate to Login page from Homepage
23:48:33.650 [main] INFO  testCases.TC002_LoginTest - Log into the application
23:48:34.163 [main] INFO  testCases.TC002_LoginTest - Verify MyAccount page after Login
23:48:34.180 [main] INFO  testCases.TC002_LoginTest - ***** Finished TC002_Login *****
00:42:44.059 [main] DEBUG org.testng.TestNG - suiteXmlPath: "C:\Users\chait\Documents\Java_WS\OpencartV121\master.xml"
00:42:49.535 [main] INFO  testCases.TC001_AccountRegistrationTest - ***** Starting TC001_AccountRegistrationTest *****
00:42:49.720 [main] INFO  testCases.TC001_AccountRegistrationTest - Clicked on MyAccount link
00:42:50.095 [main] INFO  testCases.TC001_AccountRegistrationTest - Clicked on Register link
00:42:50.099 [main] INFO  testCases.TC001_AccountRegistrationTest - Providing Customer details
00:42:51.680 [main] INFO  testCases.TC001_AccountRegistrationTest - Validating expected message
00:42:51.747 [main] INFO  testCases.TC001_AccountRegistrationTest - Test passed
00:42:51.747 [main] INFO  testCases.TC001_AccountRegistrationTest - ***** Finished TC001_AccountRegistrationTest *****
00:42:55.036 [main] INFO  testCases.TC002_LoginTest - ***** Starting TC002_Login *****
00:42:55.044 [main] INFO  testCases.TC002_LoginTest - Navigate to Login page from Homepage
00:42:55.397 [main] INFO  testCases.TC002_LoginTest - Log into the application
00:42:56.368 [main] INFO  testCases.TC002_LoginTest - Verify MyAccount page after Login
00:42:56.507 [main] INFO  testCases.TC002_LoginTest - ***** Finished TC002_Login *****
00:44:00.133 [main] DEBUG org.testng.TestNG - suiteXmlPath: "C:\Users\chait\Documents\Java_WS\OpencartV121\master.xml"
00:44:04.782 [main] INFO  testCases.TC001_AccountRegistrationTest - ***** Starting TC001_AccountRegistrationTest *****
00:44:04.918 [main] INFO  testCases.TC001_AccountRegistrationTest - Clicked on MyAccount link
00:44:05.281 [main] INFO  testCases.TC001_AccountRegistrationTest - Clicked on Register link
00:44:05.283 [main] INFO  testCases.TC001_AccountRegistrationTest - Providing Customer details
00:44:06.708 [main] INFO  testCases.TC001_AccountRegistrationTest - Validating expected message
00:44:06.755 [main] INFO  testCases.TC001_AccountRegistrationTest - Test passed
00:44:06.755 [main] INFO  testCases.TC001_AccountRegistrationTest - ***** Finished TC001_AccountRegistrationTest *****
00:44:10.593 [main] INFO  testCases.TC002_LoginTest - ***** Starting TC002_Login *****
00:44:10.595 [main] INFO  testCases.TC002_LoginTest - Navigate to Login page from Homepage
